Unity Editor version:    2021.3.16f1 (4016570cf34f)
Branch:                  2021.3/evg/staging/82bb020e-b03b1330/draft-0
Build type:              Release
Batch mode:              YES
macOS version:           Version 13.6.4 (Build 22G513)
Darwin version:          22.6.0
Architecture:            arm64
Running under Rosetta:   NO
Available memory:        8192 MB
Using pre-set license
Pro License: YES

COMMAND LINE ARGUMENTS:
/Applications/Unity/Unity.app/Contents/MacOS/Unity
-adb2
-batchMode
-noUpm
-name
AssetImportWorker0
-projectPath
/Users/arjunreddy/Desktop/Team14
-logFile
Logs/AssetImportWorker0.log
-srvPort
60537
Successfully changed project path to: /Users/arjunreddy/Desktop/Team14
/Users/arjunreddy/Desktop/Team14
[UnityMemory] Configuration Parameters - Can be set up in boot.config
    "memorysetup-bucket-allocator-granularity=16"
    "memorysetup-bucket-allocator-bucket-count=8"
    "memorysetup-bucket-allocator-block-size=33554432"
    "memorysetup-bucket-allocator-block-count=8"
    "memorysetup-main-allocator-block-size=16777216"
    "memorysetup-thread-allocator-block-size=16777216"
    "memorysetup-gfx-main-allocator-block-size=16777216"
    "memorysetup-gfx-thread-allocator-block-size=16777216"
    "memorysetup-cache-allocator-block-size=4194304"
    "memorysetup-typetree-allocator-block-size=2097152"
    "memorysetup-profiler-bucket-allocator-granularity=16"
    "memorysetup-profiler-bucket-allocator-bucket-count=8"
    "memorysetup-profiler-bucket-allocator-block-size=33554432"
    "memorysetup-profiler-bucket-allocator-block-count=8"
    "memorysetup-profiler-allocator-block-size=16777216"
    "memorysetup-profiler-editor-allocator-block-size=1048576"
    "memorysetup-temp-allocator-size-main=16777216"
    "memorysetup-job-temp-allocator-block-size=2097152"
    "memorysetup-job-temp-allocator-block-size-background=1048576"
    "memorysetup-job-temp-allocator-reduction-small-platforms=262144"
    "memorysetup-temp-allocator-size-background-worker=32768"
    "memorysetup-temp-allocator-size-job-worker=262144"
    "memorysetup-temp-allocator-size-preload-manager=33554432"
    "memorysetup-temp-allocator-size-nav-mesh-worker=65536"
    "memorysetup-temp-allocator-size-audio-worker=65536"
    "memorysetup-temp-allocator-size-cloud-worker=32768"
    "memorysetup-temp-allocator-size-gi-baking-worker=262144"
    "memorysetup-temp-allocator-size-gfx=262144"
Player connection [8636473600] Host "[IP] 192.168.1.236 [Port] 0 [Flags] 2 [Guid] 3650367183 [EditorId] 3650367183 [Version] 1048832 [Id] OSXEditor(0,arjuns-Air.lan) [Debug] 1 [PackageName] OSXEditor [ProjectName] Editor" joined multi-casting on [225.0.0.222:54997]...

Player connection [8636473600] Host "[IP] 192.168.1.236 [Port] 0 [Flags] 2 [Guid] 3650367183 [EditorId] 3650367183 [Version] 1048832 [Id] OSXEditor(0,arjuns-Air.lan) [Debug] 1 [PackageName] OSXEditor [ProjectName] Editor" joined alternative multi-casting on [225.0.0.222:34997]...

Refreshing native plugins compatible for Editor in 92.79 ms, found 2 plugins.
Preloading 0 native plugins for Editor in 0.00 ms.
Initialize engine version: 2021.3.16f1 (4016570cf34f)
[Subsystems] Discovering subsystems at path /Applications/Unity/Unity.app/Contents/Resources/UnitySubsystems
[Subsystems] Discovering subsystems at path /Users/arjunreddy/Desktop/Team14/Assets
GfxDevice: creating device client; threaded=0; jobified=0
 preferred device: Apple M2 (high power)
Metal devices available: 1
0: Apple M2 (high power)
Using device Apple M2 (high power)
Initializing Metal device caps: Apple M2
Initialize mono
Mono path[0] = '/Applications/Unity/Unity.app/Contents/Managed'
Mono path[1] = '/Applications/Unity/Unity.app/Contents/MonoBleedingEdge/lib/mono/unityjit-macos'
Mono config path = '/Applications/Unity/Unity.app/Contents/MonoBleedingEdge/etc'
Using monoOptions --debugger-agent=transport=dt_socket,embedding=1,server=y,suspend=n,address=127.0.0.1:56985
Begin MonoManager ReloadAssembly
Registering precompiled unity dll's ...
Register platform support module: /Applications/Unity/Unity.app/Contents/PlaybackEngines/MacStandaloneSupport/UnityEditor.OSXStandalone.Extensions.dll
Register platform support module: /Applications/Unity/PlaybackEngines/AndroidPlayer/UnityEditor.Android.Extensions.dll
Register platform support module: /Applications/Unity/PlaybackEngines/iOSSupport/UnityEditor.iOS.Extensions.dll
Registered in 0.002280 seconds.
[usbmuxd] Start listen thread
[usbmuxd] Listen thread started
[usbmuxd] Send listen message
Native extension for iOS target not found
Native extension for Android target not found
Native extension for OSXStandalone target not found
Refreshing native plugins compatible for Editor in 66.76 ms, found 2 plugins.
Preloading 0 native plugins for Editor in 0.00 ms.
Mono: successfully reloaded assembly
- Completed reload, in  0.537 seconds
Domain Reload Profiling:
	ReloadAssembly (537ms)
		BeginReloadAssembly (74ms)
			ExecutionOrderSort (0ms)
			DisableScriptedObjects (0ms)
			BackupInstance (0ms)
			ReleaseScriptingObjects (0ms)
			CreateAndSetChildDomain (1ms)
		EndReloadAssembly (388ms)
			LoadAssemblies (76ms)
			RebuildTransferFunctionScriptingTraits (1ms)
			SetupTypeCache (80ms)
			ReleaseScriptCaches (0ms)
			RebuildScriptCaches (19ms)
			SetupLoadedEditorAssemblies (256ms)
				LogAssemblyErrors (0ms)
				InitializePlatformSupportModulesInManaged (102ms)
				SetLoadedEditorAssemblies (0ms)
				RefreshPlugins (67ms)
				BeforeProcessingInitializeOnLoad (1ms)
				ProcessInitializeOnLoadAttributes (57ms)
				ProcessInitializeOnLoadMethodAttributes (30ms)
				AfterProcessingInitializeOnLoad (0ms)
				EditorAssembliesLoaded (0ms)
			ExecutionOrderSort2 (0ms)
			AwakeInstancesAfterBackupRestoration (0ms)
Platform modules already initialized, skipping
Registering precompiled user dll's ...
Registered in 0.008528 seconds.
Begin MonoManager ReloadAssembly
Native extension for iOS target not found
Native extension for Android target not found
Native extension for OSXStandalone target not found
Refreshing native plugins compatible for Editor in 0.51 ms, found 2 plugins.
Preloading 0 native plugins for Editor in 0.00 ms.
Package Manager log level set to [2]
Mono: successfully reloaded assembly
- Completed reload, in  0.777 seconds
Domain Reload Profiling:
	ReloadAssembly (777ms)
		BeginReloadAssembly (167ms)
			ExecutionOrderSort (0ms)
			DisableScriptedObjects (3ms)
			BackupInstance (0ms)
			ReleaseScriptingObjects (0ms)
			CreateAndSetChildDomain (125ms)
		EndReloadAssembly (544ms)
			LoadAssemblies (73ms)
			RebuildTransferFunctionScriptingTraits (0ms)
			SetupTypeCache (174ms)
			ReleaseScriptCaches (1ms)
			RebuildScriptCaches (36ms)
			SetupLoadedEditorAssemblies (235ms)
				LogAssemblyErrors (0ms)
				InitializePlatformSupportModulesInManaged (14ms)
				SetLoadedEditorAssemblies (0ms)
				RefreshPlugins (1ms)
				BeforeProcessingInitializeOnLoad (48ms)
				ProcessInitializeOnLoadAttributes (159ms)
				ProcessInitializeOnLoadMethodAttributes (13ms)
				AfterProcessingInitializeOnLoad (1ms)
				EditorAssembliesLoaded (0ms)
			ExecutionOrderSort2 (0ms)
			AwakeInstancesAfterBackupRestoration (2ms)
Platform modules already initialized, skipping
========================================================================
Worker process is ready to serve import requests
Launching external process: /Applications/Unity/Unity.app/Contents/Tools/UnityShaderCompiler
Launched and connected shader compiler UnityShaderCompiler after 0.20 seconds
Refreshing native plugins compatible for Editor in 0.49 ms, found 2 plugins.
Preloading 0 native plugins for Editor in 0.00 ms.
Unloading 3935 Unused Serialized files (Serialized files now loaded: 0)
Unloading 43 unused Assets / (220.6 KB). Loaded Objects now: 4396.
Memory consumption went from 144.7 MB to 144.5 MB.
Total: 4.409292 ms (FindLiveObjects: 0.224208 ms CreateObjectMapping: 0.075416 ms MarkObjects: 3.993375 ms  DeleteObjects: 0.115458 ms)

AssetImportParameters requested are different than current active one (requested -> active):
  custom:video-decoder-ogg-theora: a1e56fd34408186e4bbccfd4996cb3dc -> 
  custom:container-muxer-webm: aa71ff27fc2769a1b78a27578f13a17b -> 
  custom:container-demuxer-webm: 4f35f7cbe854078d1ac9338744f61a02 -> 
  custom:video-encoder-webm-vp8: eb34c28f22e8b96e1ab97ce403110664 -> 
  custom:framework-osx-AVFoundation: e770b220cccbd017edd2c1fefb359320 -> 
  custom:audio-encoder-webm-vorbis: bf7c407c2cedff20999df2af8eb42d56 -> 
  custom:container-demuxer-ogg: 62fdf1f143b41e24485cea50d1cbac27 -> 
  custom:video-decoder-webm-vp8: 9c59270c3fd7afecdb556c50c9e8de78 -> 
  custom:audio-decoder-ogg-vorbis: bf7c407c2cedff20999df2af8eb42d56 -> 
========================================================================
Received Prepare
Registering precompiled user dll's ...
Registered in 0.001439 seconds.
Begin MonoManager ReloadAssembly
Thread 0x2933cf000 may have been prematurely finalized
Native extension for iOS target not found
Native extension for Android target not found
Native extension for OSXStandalone target not found
Refreshing native plugins compatible for Editor in 0.42 ms, found 2 plugins.
Preloading 0 native plugins for Editor in 0.00 ms.
Mono: successfully reloaded assembly
- Completed reload, in  0.633 seconds
Domain Reload Profiling:
	ReloadAssembly (634ms)
		BeginReloadAssembly (105ms)
			ExecutionOrderSort (0ms)
			DisableScriptedObjects (3ms)
			BackupInstance (0ms)
			ReleaseScriptingObjects (0ms)
			CreateAndSetChildDomain (39ms)
		EndReloadAssembly (472ms)
			LoadAssemblies (61ms)
			RebuildTransferFunctionScriptingTraits (1ms)
			SetupTypeCache (177ms)
			ReleaseScriptCaches (1ms)
			RebuildScriptCaches (25ms)
			SetupLoadedEditorAssemblies (198ms)
				LogAssemblyErrors (0ms)
				InitializePlatformSupportModulesInManaged (19ms)
				SetLoadedEditorAssemblies (0ms)
				RefreshPlugins (0ms)
				BeforeProcessingInitializeOnLoad (33ms)
				ProcessInitializeOnLoadAttributes (132ms)
				ProcessInitializeOnLoadMethodAttributes (11ms)
				AfterProcessingInitializeOnLoad (1ms)
				EditorAssembliesLoaded (0ms)
			ExecutionOrderSort2 (0ms)
			AwakeInstancesAfterBackupRestoration (2ms)
Platform modules already initialized, skipping
Refreshing native plugins compatible for Editor in 0.80 ms, found 2 plugins.
Preloading 0 native plugins for Editor in 0.00 ms.
Unloading 3859 Unused Serialized files (Serialized files now loaded: 0)
Unloading 34 unused Assets / (200.3 KB). Loaded Objects now: 4401.
Memory consumption went from 137.6 MB to 137.4 MB.
Total: 2.384125 ms (FindLiveObjects: 0.139458 ms CreateObjectMapping: 0.055500 ms MarkObjects: 2.110209 ms  DeleteObjects: 0.078542 ms)

AssetImportParameters requested are different than current active one (requested -> active):
  custom:video-decoder-ogg-theora: a1e56fd34408186e4bbccfd4996cb3dc -> 
  custom:container-muxer-webm: aa71ff27fc2769a1b78a27578f13a17b -> 
  custom:container-demuxer-webm: 4f35f7cbe854078d1ac9338744f61a02 -> 
  custom:video-encoder-webm-vp8: eb34c28f22e8b96e1ab97ce403110664 -> 
  custom:framework-osx-AVFoundation: e770b220cccbd017edd2c1fefb359320 -> 
  custom:audio-encoder-webm-vorbis: bf7c407c2cedff20999df2af8eb42d56 -> 
  custom:container-demuxer-ogg: 62fdf1f143b41e24485cea50d1cbac27 -> 
  custom:video-decoder-webm-vp8: 9c59270c3fd7afecdb556c50c9e8de78 -> 
  custom:audio-decoder-ogg-vorbis: bf7c407c2cedff20999df2af8eb42d56 -> 
========================================================================
Received Import Request.
  Time since last request: 446950.254572 seconds.
  path: Assets/Resources/Character 1.prefab
  artifactKey: Guid(9f5bb052ed3cd4cf49ebbe5e1d0fedcd) Importer(815301076,1909f56bfc062723c751e8b465ee728b)
Start importing Assets/Resources/Character 1.prefab using Guid(9f5bb052ed3cd4cf49ebbe5e1d0fedcd) Importer(815301076,1909f56bfc062723c751e8b465ee728b)  -> (artifact id: '27db76fca0f0934237f90904eca843db') in 0.632534 seconds 
========================================================================
Received Import Request.
  Time since last request: 7.382000 seconds.
  path: Assets/Resources/Character.prefab
  artifactKey: Guid(1fbc81e27d53b45aca637308c5f51e49) Importer(815301076,1909f56bfc062723c751e8b465ee728b)
Start importing Assets/Resources/Character.prefab using Guid(1fbc81e27d53b45aca637308c5f51e49) Importer(815301076,1909f56bfc062723c751e8b465ee728b)  -> (artifact id: '43bdc7c0d78fb006746857b4444c0d15') in 0.166614 seconds 
========================================================================
Received Import Request.
  Time since last request: 6.110736 seconds.
  path: Assets/Resources/Character.prefab
  artifactKey: Guid(1fbc81e27d53b45aca637308c5f51e49) Importer(815301076,1909f56bfc062723c751e8b465ee728b)
Start importing Assets/Resources/Character.prefab using Guid(1fbc81e27d53b45aca637308c5f51e49) Importer(815301076,1909f56bfc062723c751e8b465ee728b)  -> (artifact id: '4fafc92088bc2f06f680c5e2f89215c1') in 0.009080 seconds 
========================================================================
Received Import Request.
  Time since last request: 6.429217 seconds.
  path: Assets/Resources/Character.prefab
  artifactKey: Guid(1fbc81e27d53b45aca637308c5f51e49) Importer(815301076,1909f56bfc062723c751e8b465ee728b)
Start importing Assets/Resources/Character.prefab using Guid(1fbc81e27d53b45aca637308c5f51e49) Importer(815301076,1909f56bfc062723c751e8b465ee728b)  -> (artifact id: '80fb264063d86560700051ddbef5b173') in 0.007666 seconds 
========================================================================
Received Import Request.
  Time since last request: 8.014546 seconds.
  path: Assets/Furniture_FREE/Meshes/air_hockey_001.fbx
  artifactKey: Guid(5a07704c3449b53429056664faa78a49) Importer(815301076,1909f56bfc062723c751e8b465ee728b)
Start importing Assets/Furniture_FREE/Meshes/air_hockey_001.fbx using Guid(5a07704c3449b53429056664faa78a49) Importer(815301076,1909f56bfc062723c751e8b465ee728b)  -> (artifact id: '5cdbe4113add8dbec28e85592a4228f3') in 0.061206 seconds 
========================================================================
Received Import Request.
  Time since last request: 0.000227 seconds.
  path: Assets/Scenes/Prefabs/basketball_hoop.prefab
  artifactKey: Guid(49869c591b45d25458f09f2c61d71935) Importer(815301076,1909f56bfc062723c751e8b465ee728b)
Start importing Assets/Scenes/Prefabs/basketball_hoop.prefab using Guid(49869c591b45d25458f09f2c61d71935) Importer(815301076,1909f56bfc062723c751e8b465ee728b)  -> (artifact id: 'e623afe0f00899d47289ec792dcb5734') in 0.002269 seconds 
========================================================================
Received Import Request.
  Time since last request: 0.000039 seconds.
  path: Assets/Furniture_FREE/Meshes/bathroom_item_001.fbx
  artifactKey: Guid(a9473316bc1ba3740a1ec3a91ce57660) Importer(815301076,1909f56bfc062723c751e8b465ee728b)
Start importing Assets/Furniture_FREE/Meshes/bathroom_item_001.fbx using Guid(a9473316bc1ba3740a1ec3a91ce57660) Importer(815301076,1909f56bfc062723c751e8b465ee728b)  -> (artifact id: 'e757b0aa42a07378d34e7f8fe877c2e6') in 0.007264 seconds 
========================================================================
Received Import Request.
  Time since last request: 0.000045 seconds.
  path: Assets/Scenes/Prefabs/basketball.prefab
  artifactKey: Guid(6c2b5814bae594d4bacd95b660eb45dc) Importer(815301076,1909f56bfc062723c751e8b465ee728b)
Start importing Assets/Scenes/Prefabs/basketball.prefab using Guid(6c2b5814bae594d4bacd95b660eb45dc) Importer(815301076,1909f56bfc062723c751e8b465ee728b)  -> (artifact id: 'f54cabd9dfa54516f5a42da39c33c60d') in 0.002914 seconds 
========================================================================
Received Import Request.
  Time since last request: 1.257530 seconds.
  path: Assets/Furniture_FREE/Meshes/bed_001.fbx
  artifactKey: Guid(17df8d0daf7aec14698bf6d73359a747) Importer(815301076,1909f56bfc062723c751e8b465ee728b)
Start importing Assets/Furniture_FREE/Meshes/bed_001.fbx using Guid(17df8d0daf7aec14698bf6d73359a747) Importer(815301076,1909f56bfc062723c751e8b465ee728b)  -> (artifact id: 'd5d038a0b92bc8e68af897dceef1e30e') in 0.015915 seconds 
========================================================================
Received Import Request.
  Time since last request: 0.660918 seconds.
  path: Assets/Photon/PhotonUnityNetworking/Demos/DemoAsteroids/Resources/BigAsteroid.prefab
  artifactKey: Guid(15f43343ba0a60e47a63d28496373c3f) Importer(815301076,1909f56bfc062723c751e8b465ee728b)
Start importing Assets/Photon/PhotonUnityNetworking/Demos/DemoAsteroids/Resources/BigAsteroid.prefab using Guid(15f43343ba0a60e47a63d28496373c3f) Importer(815301076,1909f56bfc062723c751e8b465ee728b)  -> (artifact id: '263b58e4fc8b03c4c3b1831795d96413') in 0.175024 seconds 
========================================================================
Received Import Request.
  Time since last request: 0.178383 seconds.
  path: Assets/Photon/PhotonUnityNetworking/Demos/DemoAsteroids/Prefabs/Bullet.prefab
  artifactKey: Guid(5624ee9da9d10514ea7b808e83979c85) Importer(815301076,1909f56bfc062723c751e8b465ee728b)
Start importing Assets/Photon/PhotonUnityNetworking/Demos/DemoAsteroids/Prefabs/Bullet.prefab using Guid(5624ee9da9d10514ea7b808e83979c85) Importer(815301076,1909f56bfc062723c751e8b465ee728b)  -> (artifact id: '6f47fc5ec171df49916a348f538921d7') in 0.034939 seconds 
========================================================================
Received Import Request.
  Time since last request: 0.194408 seconds.
  path: Assets/Photon/PhotonUnityNetworking/Demos/Shared Assets/Prefabs/UI/Button Regular.prefab
  artifactKey: Guid(395d3cc3d7cf0014a870fee72cbd3490) Importer(815301076,1909f56bfc062723c751e8b465ee728b)
Start importing Assets/Photon/PhotonUnityNetworking/Demos/Shared Assets/Prefabs/UI/Button Regular.prefab using Guid(395d3cc3d7cf0014a870fee72cbd3490) Importer(815301076,1909f56bfc062723c751e8b465ee728b)  -> (artifact id: '226fa9ad011366bb12f08cbc18d09f94') in 0.008242 seconds 
========================================================================
Received Import Request.
  Time since last request: 0.000077 seconds.
  path: Assets/Furniture_FREE/Meshes/camera_001.fbx
  artifactKey: Guid(dd07248fa5962df43854a0f731b6b845) Importer(815301076,1909f56bfc062723c751e8b465ee728b)
Start importing Assets/Furniture_FREE/Meshes/camera_001.fbx using Guid(dd07248fa5962df43854a0f731b6b845) Importer(815301076,1909f56bfc062723c751e8b465ee728b)  -> (artifact id: 'd78ca44c4a351fdef6eccbf9a08ee25b') in 0.010775 seconds 
========================================================================
Received Import Request.
  Time since last request: 0.040108 seconds.
  path: Assets/Old Table&Chair/Models/Chair_01.obj
  artifactKey: Guid(097f5eccbd570544ab1f37b655204335) Importer(815301076,1909f56bfc062723c751e8b465ee728b)
Start importing Assets/Old Table&Chair/Models/Chair_01.obj using Guid(097f5eccbd570544ab1f37b655204335) Importer(815301076,1909f56bfc062723c751e8b465ee728b)  -> (artifact id: 'e85bebde24717bc1abcd5fe74c7681dd') in 0.640328 seconds 
========================================================================
Received Import Request.
  Time since last request: 0.000043 seconds.
  path: Assets/Scenes/Prefabs/dart_RED.prefab
  artifactKey: Guid(86d66ed2da100c6459d7adf66ebafbc8) Importer(815301076,1909f56bfc062723c751e8b465ee728b)
Start importing Assets/Scenes/Prefabs/dart_RED.prefab using Guid(86d66ed2da100c6459d7adf66ebafbc8) Importer(815301076,1909f56bfc062723c751e8b465ee728b)  -> (artifact id: '718a844b4f084723fc529f3c8034934e') in 0.001863 seconds 
========================================================================
Received Import Request.
  Time since last request: 0.000035 seconds.
  path: Assets/Photon/PhotonUnityNetworking/Demos/PunBasics-Tutorial/Prefabs/Demo Intro UI.prefab
  artifactKey: Guid(f773d1fa10a4f4e0d88490eab5d5b46d) Importer(815301076,1909f56bfc062723c751e8b465ee728b)
Start importing Assets/Photon/PhotonUnityNetworking/Demos/PunBasics-Tutorial/Prefabs/Demo Intro UI.prefab using Guid(f773d1fa10a4f4e0d88490eab5d5b46d) Importer(815301076,1909f56bfc062723c751e8b465ee728b)  -> (artifact id: 'aca77e39fd22ae5bc61a2b8724d59e8f') in 0.004065 seconds 
========================================================================
Received Import Request.
  Time since last request: 2.483816 seconds.
  path: Assets/Furniture_FREE/Meshes/dish_001.fbx
  artifactKey: Guid(c35be5ac0e6fada40bc4de937c91e58e) Importer(815301076,1909f56bfc062723c751e8b465ee728b)
Start importing Assets/Furniture_FREE/Meshes/dish_001.fbx using Guid(c35be5ac0e6fada40bc4de937c91e58e) Importer(815301076,1909f56bfc062723c751e8b465ee728b)  -> (artifact id: '271212ecd2dd8071913d71e440876dae') in 0.017002 seconds 
========================================================================
Received Import Request.
  Time since last request: 0.016153 seconds.
  path: Assets/Furniture_FREE/Meshes/door_001.fbx
  artifactKey: Guid(d0c8bff756eb229499f2b3a6290a5588) Importer(815301076,1909f56bfc062723c751e8b465ee728b)
Start importing Assets/Furniture_FREE/Meshes/door_001.fbx using Guid(d0c8bff756eb229499f2b3a6290a5588) Importer(815301076,1909f56bfc062723c751e8b465ee728b)  -> (artifact id: 'a1765ce1b04303f9939006b3667b8aa6') in 0.008891 seconds 
========================================================================
Received Import Request.
  Time since last request: 0.000043 seconds.
  path: Assets/Furniture_FREE/Meshes/dresser_001.fbx
  artifactKey: Guid(fc22d9e1f78546b4b96b9ba402f0464e) Importer(815301076,1909f56bfc062723c751e8b465ee728b)
Start importing Assets/Furniture_FREE/Meshes/dresser_001.fbx using Guid(fc22d9e1f78546b4b96b9ba402f0464e) Importer(815301076,1909f56bfc062723c751e8b465ee728b)  -> (artifact id: 'dec5407dc50c35adc64aac4c86ed7fe0') in 0.011644 seconds 
========================================================================
Received Import Request.
  Time since last request: 0.000032 seconds.
  path: Assets/Furniture_FREE/Meshes/drink_001.fbx
  artifactKey: Guid(f6c4b28893fd9e34f952e0407c497a3b) Importer(815301076,1909f56bfc062723c751e8b465ee728b)
Start importing Assets/Furniture_FREE/Meshes/drink_001.fbx using Guid(f6c4b28893fd9e34f952e0407c497a3b) Importer(815301076,1909f56bfc062723c751e8b465ee728b)  -> (artifact id: '30855dacc4a7aaa78c0826252ebaabd8') in 0.011686 seconds 
========================================================================
Received Import Request.
  Time since last request: 0.001159 seconds.
  path: Assets/Furniture_FREE/Meshes/drink_002.fbx
  artifactKey: Guid(bd5082c0615524b4fac183d53d9768f7) Importer(815301076,1909f56bfc062723c751e8b465ee728b)
Start importing Assets/Furniture_FREE/Meshes/drink_002.fbx using Guid(bd5082c0615524b4fac183d53d9768f7) Importer(815301076,1909f56bfc062723c751e8b465ee728b)  -> (artifact id: '6a783d682936e64a4222c7c8ba8433d0') in 0.008143 seconds 
========================================================================
Received Import Request.
  Time since last request: 0.010273 seconds.
  path: Assets/Furniture_FREE/Meshes/dumbbell_001.fbx
  artifactKey: Guid(724d1b533860f6b40869157a6b678ef3) Importer(815301076,1909f56bfc062723c751e8b465ee728b)
Start importing Assets/Furniture_FREE/Meshes/dumbbell_001.fbx using Guid(724d1b533860f6b40869157a6b678ef3) Importer(815301076,1909f56bfc062723c751e8b465ee728b)  -> (artifact id: '3e7cb92306fa736e9a6ac02102fb50ae') in 0.007260 seconds 
========================================================================
Received Import Request.
  Time since last request: 0.002186 seconds.
  path: Assets/Photon/PhotonUnityNetworking/Demos/DemoSlotRacer/Kenney Assets/Racing Kit/Models/flagGreen.fbx
  artifactKey: Guid(b2c239f9b60751e4ab9034c7f2ad66b1) Importer(815301076,1909f56bfc062723c751e8b465ee728b)
Start importing Assets/Photon/PhotonUnityNetworking/Demos/DemoSlotRacer/Kenney Assets/Racing Kit/Models/flagGreen.fbx using Guid(b2c239f9b60751e4ab9034c7f2ad66b1) Importer(815301076,1909f56bfc062723c751e8b465ee728b)  -> (artifact id: '81ab6d82ad8f83078c63b76d181f2bf7') in 0.010757 seconds 
========================================================================
Received Import Request.
  Time since last request: 0.004536 seconds.
  path: Assets/Furniture_FREE/Meshes/flower_001.fbx
  artifactKey: Guid(649646106a38e1346b231d5f5d64467f) Importer(815301076,1909f56bfc062723c751e8b465ee728b)
Start importing Assets/Furniture_FREE/Meshes/flower_001.fbx using Guid(649646106a38e1346b231d5f5d64467f) Importer(815301076,1909f56bfc062723c751e8b465ee728b)  -> (artifact id: 'befb558d43a3ab907569e0d54ad406cf') in 0.006892 seconds 
========================================================================
Received Import Request.
  Time since last request: 0.019416 seconds.
  path: Assets/Photon/PhotonUnityNetworking/Demos/DemoAsteroids/Models/FlyerAsteroidB.fbx
  artifactKey: Guid(757fc9771ce30dc468c775b392518d81) Importer(815301076,1909f56bfc062723c751e8b465ee728b)
Start importing Assets/Photon/PhotonUnityNetworking/Demos/DemoAsteroids/Models/FlyerAsteroidB.fbx using Guid(757fc9771ce30dc468c775b392518d81) Importer(815301076,1909f56bfc062723c751e8b465ee728b)  -> (artifact id: 'd337f9a211f5d1c6a2a6fdc295d43dd9') in 0.009810 seconds 
========================================================================
Received Import Request.
  Time since last request: 0.000031 seconds.
  path: Assets/Photon/PhotonUnityNetworking/Demos/PunBasics-Tutorial/Prefabs/Game Manager.prefab
  artifactKey: Guid(b7fe671fa5d4d4772a4b20715fb9b0ff) Importer(815301076,1909f56bfc062723c751e8b465ee728b)
Start importing Assets/Photon/PhotonUnityNetworking/Demos/PunBasics-Tutorial/Prefabs/Game Manager.prefab using Guid(b7fe671fa5d4d4772a4b20715fb9b0ff) Importer(815301076,1909f56bfc062723c751e8b465ee728b)  -> (artifact id: '002e65e39d0d6b8e3d8b22a8e13b1edf') in 0.007451 seconds 
========================================================================
Received Import Request.
  Time since last request: 0.004874 seconds.
  path: Assets/Photon/PhotonUnityNetworking/Demos/PunCockpit/Prefabs/Help Button.prefab
  artifactKey: Guid(cf998ac0cf60141c597aecb3a8ffad74) Importer(815301076,1909f56bfc062723c751e8b465ee728b)
Start importing Assets/Photon/PhotonUnityNetworking/Demos/PunCockpit/Prefabs/Help Button.prefab using Guid(cf998ac0cf60141c597aecb3a8ffad74) Importer(815301076,1909f56bfc062723c751e8b465ee728b)  -> (artifact id: 'a5c0da6e41bc46fc979f2c3a5be05c09') in 0.002345 seconds 
========================================================================
Received Import Request.
  Time since last request: 0.123324 seconds.
  path: Assets/Photon/PhotonUnityNetworking/Demos/Shared Assets/Animations/HumanoidCrouch.fbx
  artifactKey: Guid(d89ea37480b6d75458aa38843e9688dc) Importer(815301076,1909f56bfc062723c751e8b465ee728b)
Start importing Assets/Photon/PhotonUnityNetworking/Demos/Shared Assets/Animations/HumanoidCrouch.fbx using Guid(d89ea37480b6d75458aa38843e9688dc) Importer(815301076,1909f56bfc062723c751e8b465ee728b)  -> (artifact id: '65dfc756867514e86f2c9d79189fad8d') in 0.013594 seconds 
========================================================================
Received Import Request.
  Time since last request: 0.000098 seconds.
  path: Assets/Photon/PhotonUnityNetworking/Demos/Shared Assets/Animations/HumanoidIdleJumpUp.fbx
  artifactKey: Guid(0d9d26e2162aa4d11ab075b34c029673) Importer(815301076,1909f56bfc062723c751e8b465ee728b)
Start importing Assets/Photon/PhotonUnityNetworking/Demos/Shared Assets/Animations/HumanoidIdleJumpUp.fbx using Guid(0d9d26e2162aa4d11ab075b34c029673) Importer(815301076,1909f56bfc062723c751e8b465ee728b)  -> (artifact id: '87f1de270596353ed57700af1697b066') in 0.005233 seconds 
========================================================================
Received Import Request.
  Time since last request: 0.015483 seconds.
  path: Assets/Photon/PhotonUnityNetworking/Demos/Shared Assets/Animations/HumanoidMidAir.fbx
  artifactKey: Guid(f03e10c73f30b4ab4aa8ea8f1cc16d36) Importer(815301076,1909f56bfc062723c751e8b465ee728b)
Start importing Assets/Photon/PhotonUnityNetworking/Demos/Shared Assets/Animations/HumanoidMidAir.fbx using Guid(f03e10c73f30b4ab4aa8ea8f1cc16d36) Importer(815301076,1909f56bfc062723c751e8b465ee728b)  -> (artifact id: '2cfed27873223668ce7b80514961b97e') in 0.004616 seconds 
========================================================================
Received Import Request.
  Time since last request: 0.000031 seconds.
  path: Assets/Photon/PhotonUnityNetworking/Demos/Shared Assets/Animations/HumanoidRunTurnSharp.fbx
  artifactKey: Guid(f2bed5dc5afacff44a00de8daae9703b) Importer(815301076,1909f56bfc062723c751e8b465ee728b)
Start importing Assets/Photon/PhotonUnityNetworking/Demos/Shared Assets/Animations/HumanoidRunTurnSharp.fbx using Guid(f2bed5dc5afacff44a00de8daae9703b) Importer(815301076,1909f56bfc062723c751e8b465ee728b)  -> (artifact id: '5cb1ec1a03cb5f22d082f8677a5846a6') in 0.004296 seconds 
========================================================================
Received Import Request.
  Time since last request: 0.000061 seconds.
  path: Assets/Photon/PhotonUnityNetworking/Demos/Shared Assets/Animations/HumanoidWalkTurn.fbx
  artifactKey: Guid(1c52c953c83c2254a9fa72d50250f028) Importer(815301076,1909f56bfc062723c751e8b465ee728b)
Start importing Assets/Photon/PhotonUnityNetworking/Demos/Shared Assets/Animations/HumanoidWalkTurn.fbx using Guid(1c52c953c83c2254a9fa72d50250f028) Importer(815301076,1909f56bfc062723c751e8b465ee728b)  -> (artifact id: '5cd421ad1d3edf5e0f6a3614ed2cf1cb') in 0.005512 seconds 
========================================================================
Received Import Request.
  Time since last request: 0.000043 seconds.
  path: Assets/Photon/PhotonUnityNetworking/Demos/Shared Assets/Animations/HumanoidWalkTurnSharp.fbx
  artifactKey: Guid(bb141fc9a700c9c4ca7e6dadb8acf24b) Importer(815301076,1909f56bfc062723c751e8b465ee728b)
Start importing Assets/Photon/PhotonUnityNetworking/Demos/Shared Assets/Animations/HumanoidWalkTurnSharp.fbx using Guid(bb141fc9a700c9c4ca7e6dadb8acf24b) Importer(815301076,1909f56bfc062723c751e8b465ee728b)  -> (artifact id: 'a56d438507571c9c850692fa90982de3') in 0.004756 seconds 
========================================================================
Received Import Request.
  Time since last request: 0.009264 seconds.
  path: Assets/Samples/Google Cardboard XR Plugin for Unity/1.23.0/Hello Cardboard/Models/Icosahedron.obj
  artifactKey: Guid(ae120d8251d1948cc9349cf3ff881336) Importer(815301076,1909f56bfc062723c751e8b465ee728b)
Start importing Assets/Samples/Google Cardboard XR Plugin for Unity/1.23.0/Hello Cardboard/Models/Icosahedron.obj using Guid(ae120d8251d1948cc9349cf3ff881336) Importer(815301076,1909f56bfc062723c751e8b465ee728b)  -> (artifact id: 'fcc74fa78585e4d3d888d987016b116a') in 0.013504 seconds 
========================================================================
Received Import Request.
  Time since last request: 0.000034 seconds.
  path: Assets/Furniture_FREE/Meshes/kitchen_sink_001.fbx
  artifactKey: Guid(627220fed965f4544a5a91566c9995d7) Importer(815301076,1909f56bfc062723c751e8b465ee728b)
Start importing Assets/Furniture_FREE/Meshes/kitchen_sink_001.fbx using Guid(627220fed965f4544a5a91566c9995d7) Importer(815301076,1909f56bfc062723c751e8b465ee728b)  -> (artifact id: '8c9b1c741fed494cf7b7a5775367a6e0') in 0.006752 seconds 
========================================================================
Received Import Request.
  Time since last request: 0.007275 seconds.
  path: Assets/Furniture_FREE/Meshes/lamp_001.fbx
  artifactKey: Guid(0b370e01cda840a45982c117ac706827) Importer(815301076,1909f56bfc062723c751e8b465ee728b)
Start importing Assets/Furniture_FREE/Meshes/lamp_001.fbx using Guid(0b370e01cda840a45982c117ac706827) Importer(815301076,1909f56bfc062723c751e8b465ee728b)  -> (artifact id: '42d118924fe1003e08dcf4e47db67b30') in 0.007517 seconds 
========================================================================
Received Import Request.
  Time since last request: 0.006989 seconds.
  path: Assets/Furniture_FREE/Meshes/lamp_002.fbx
  artifactKey: Guid(2e77c6e655b38ef4192709540b5bf630) Importer(815301076,1909f56bfc062723c751e8b465ee728b)
Start importing Assets/Furniture_FREE/Meshes/lamp_002.fbx using Guid(2e77c6e655b38ef4192709540b5bf630) Importer(815301076,1909f56bfc062723c751e8b465ee728b)  -> (artifact id: '75998fc702536e2c54a15c9e329e388f') in 0.008034 seconds 
========================================================================
Received Import Request.
  Time since last request: 0.011662 seconds.
  path: Assets/Furniture_FREE/Meshes/microwave_oven_001.fbx
  artifactKey: Guid(5124ac1f4f4e17247b2f3a45584b21d1) Importer(815301076,1909f56bfc062723c751e8b465ee728b)
Start importing Assets/Furniture_FREE/Meshes/microwave_oven_001.fbx using Guid(5124ac1f4f4e17247b2f3a45584b21d1) Importer(815301076,1909f56bfc062723c751e8b465ee728b)  -> (artifact id: 'baeaae039ac9d3dc752fb337e01e09aa') in 0.008238 seconds 
========================================================================
Received Import Request.
  Time since last request: 0.012872 seconds.
  path: Assets/Photon/PhotonUnityNetworking/Demos/PunBasics-Tutorial/Resources/My Robot Kyle -done-.prefab
  artifactKey: Guid(fe764102aa5aa431795da15fa2dec0e2) Importer(815301076,1909f56bfc062723c751e8b465ee728b)
Start importing Assets/Photon/PhotonUnityNetworking/Demos/PunBasics-Tutorial/Resources/My Robot Kyle -done-.prefab using Guid(fe764102aa5aa431795da15fa2dec0e2) Importer(815301076,1909f56bfc062723c751e8b465ee728b)  -> (artifact id: '02d1719088b51be67f7f6e93a4d40858') in 0.171371 seconds 
========================================================================
Received Import Request.
  Time since last request: 0.000032 seconds.
  path: Assets/Photon/PhotonUnityNetworking/Demos/PunBasics-Tutorial/Prefabs/Quit Room Button.prefab
  artifactKey: Guid(b19bb80838bcf4457bf6f50a19c5593b) Importer(815301076,1909f56bfc062723c751e8b465ee728b)
Start importing Assets/Photon/PhotonUnityNetworking/Demos/PunBasics-Tutorial/Prefabs/Quit Room Button.prefab using Guid(b19bb80838bcf4457bf6f50a19c5593b) Importer(815301076,1909f56bfc062723c751e8b465ee728b)  -> (artifact id: 'baab04cc15e7f4a7bad3519044afc980') in 0.001696 seconds 
========================================================================
Received Import Request.
  Time since last request: 0.000031 seconds.
  path: Assets/Samples/Google Cardboard XR Plugin for Unity/1.23.0/Hello Cardboard/Models/QuadSphere.obj
  artifactKey: Guid(b72f909583e324e448ea939d5cd2745f) Importer(815301076,1909f56bfc062723c751e8b465ee728b)
Start importing Assets/Samples/Google Cardboard XR Plugin for Unity/1.23.0/Hello Cardboard/Models/QuadSphere.obj using Guid(b72f909583e324e448ea939d5cd2745f) Importer(815301076,1909f56bfc062723c751e8b465ee728b)  -> (artifact id: '8b5adee5d857664e2b3d701079ae14a3') in 0.011571 seconds 
========================================================================
Received Import Request.
  Time since last request: 0.000036 seconds.
  path: Assets/Photon/PhotonUnityNetworking/Demos/DemoSlotRacer/Kenney Assets/Racing Kit/Models/roadRampLongCurvedWall.fbx
  artifactKey: Guid(002276cc119770f4c8b9797abd47f7e5) Importer(815301076,1909f56bfc062723c751e8b465ee728b)
Start importing Assets/Photon/PhotonUnityNetworking/Demos/DemoSlotRacer/Kenney Assets/Racing Kit/Models/roadRampLongCurvedWall.fbx using Guid(002276cc119770f4c8b9797abd47f7e5) Importer(815301076,1909f56bfc062723c751e8b465ee728b)  -> (artifact id: 'ee418eb61370a9a8687af5ceea601a4f') in 0.006832 seconds 
========================================================================
Received Import Request.
  Time since last request: 0.000037 seconds.
  path: Assets/Photon/PhotonUnityNetworking/Demos/DemoAsteroids/Prefabs/PlayerOverviewEntry.prefab
  artifactKey: Guid(f03d1c686a26a1d4da99a4186b0bb1ab) Importer(815301076,1909f56bfc062723c751e8b465ee728b)
Start importing Assets/Photon/PhotonUnityNetworking/Demos/DemoAsteroids/Prefabs/PlayerOverviewEntry.prefab using Guid(f03d1c686a26a1d4da99a4186b0bb1ab) Importer(815301076,1909f56bfc062723c751e8b465ee728b)  -> (artifact id: 'e93bb5afa5b76adf6d3745f93a4729a2') in 0.001666 seconds 
========================================================================
Received Import Request.
  Time since last request: 0.000034 seconds.
  path: Assets/Photon/PhotonUnityNetworking/Demos/DemoSlotRacer/Kenney Assets/Racing Kit/Models/roadCornerSmallBorder.fbx
  artifactKey: Guid(f34457aefb5bca94fa9fb35aa61fb3e7) Importer(815301076,1909f56bfc062723c751e8b465ee728b)
Start importing Assets/Photon/PhotonUnityNetworking/Demos/DemoSlotRacer/Kenney Assets/Racing Kit/Models/roadCornerSmallBorder.fbx using Guid(f34457aefb5bca94fa9fb35aa61fb3e7) Importer(815301076,1909f56bfc062723c751e8b465ee728b)  -> (artifact id: '9527ee1146403eeec308441573629412') in 0.006740 seconds 
========================================================================
Received Import Request.
  Time since last request: 0.000036 seconds.
  path: Assets/Photon/PhotonUnityNetworking/Demos/DemoSlotRacer/Kenney Assets/Racing Kit/Models/roadCornerSmall.fbx
  artifactKey: Guid(d873a0d61ff3aa941be0eb85cb9271ef) Importer(815301076,1909f56bfc062723c751e8b465ee728b)
Start importing Assets/Photon/PhotonUnityNetworking/Demos/DemoSlotRacer/Kenney Assets/Racing Kit/Models/roadCornerSmall.fbx using Guid(d873a0d61ff3aa941be0eb85cb9271ef) Importer(815301076,1909f56bfc062723c751e8b465ee728b)  -> (artifact id: '6a1e5801206d4d75a79256d7de99df0a') in 0.008325 seconds 
========================================================================
Received Import Request.
  Time since last request: 0.000036 seconds.
  path: Assets/Photon/PhotonUnityNetworking/Demos/DemoSlotRacer/Kenney Assets/Racing Kit/Models/rail.fbx
  artifactKey: Guid(c0c42e3ceebd42943ade3b7414c47afd) Importer(815301076,1909f56bfc062723c751e8b465ee728b)
Start importing Assets/Photon/PhotonUnityNetworking/Demos/DemoSlotRacer/Kenney Assets/Racing Kit/Models/rail.fbx using Guid(c0c42e3ceebd42943ade3b7414c47afd) Importer(815301076,1909f56bfc062723c751e8b465ee728b)  -> (artifact id: '09e126d49f37851bddd3d1727f276007') in 0.005899 seconds 
========================================================================
Received Import Request.
  Time since last request: 0.019304 seconds.
  path: Assets/Photon/PhotonUnityNetworking/Demos/DemoSlotRacer/Kenney Assets/Racing Kit/Models/roadStart.fbx
  artifactKey: Guid(4a85baa15824c004e9265ae93708faf9) Importer(815301076,1909f56bfc062723c751e8b465ee728b)
Start importing Assets/Photon/PhotonUnityNetworking/Demos/DemoSlotRacer/Kenney Assets/Racing Kit/Models/roadStart.fbx using Guid(4a85baa15824c004e9265ae93708faf9) Importer(815301076,1909f56bfc062723c751e8b465ee728b)  -> (artifact id: '0daabc04a01b34a73bd10f77ab627fed') in 0.008315 seconds 
========================================================================
Received Import Request.
  Time since last request: 0.000034 seconds.
  path: Assets/Photon/PhotonUnityNetworking/Demos/DemoSlotRacer/Kenney Assets/Racing Kit/Models/roadStartPositions.fbx
  artifactKey: Guid(f5a5b74b30add9048911cae29679bbce) Importer(815301076,1909f56bfc062723c751e8b465ee728b)
Start importing Assets/Photon/PhotonUnityNetworking/Demos/DemoSlotRacer/Kenney Assets/Racing Kit/Models/roadStartPositions.fbx using Guid(f5a5b74b30add9048911cae29679bbce) Importer(815301076,1909f56bfc062723c751e8b465ee728b)  -> (artifact id: '7a9b031aa87e4d20f34fb20a539ca384') in 0.008086 seconds 
========================================================================
Received Import Request.
  Time since last request: 0.000047 seconds.
  path: Assets/Photon/PhotonUnityNetworking/Demos/DemoSlotRacer/Kenney Assets/Racing Kit/Models/roadStraight.fbx
  artifactKey: Guid(ca7c80957e4a0044c8068142334ca1b3) Importer(815301076,1909f56bfc062723c751e8b465ee728b)
Start importing Assets/Photon/PhotonUnityNetworking/Demos/DemoSlotRacer/Kenney Assets/Racing Kit/Models/roadStraight.fbx using Guid(ca7c80957e4a0044c8068142334ca1b3) Importer(815301076,1909f56bfc062723c751e8b465ee728b)  -> (artifact id: '70289118a1bc13cb53e8f319e670aa4f') in 0.007094 seconds 
========================================================================
Received Import Request.
  Time since last request: 0.000036 seconds.
  path: Assets/Photon/PhotonUnityNetworking/Demos/DemoAsteroids/Prefabs/RoomListEntry.prefab
  artifactKey: Guid(03c5e15309335324fba99d68e38cb08b) Importer(815301076,1909f56bfc062723c751e8b465ee728b)
Start importing Assets/Photon/PhotonUnityNetworking/Demos/DemoAsteroids/Prefabs/RoomListEntry.prefab using Guid(03c5e15309335324fba99d68e38cb08b) Importer(815301076,1909f56bfc062723c751e8b465ee728b)  -> (artifact id: '7a2a53613ec06f1a92a77d4a571594ec') in 0.002686 seconds 
========================================================================
Received Import Request.
  Time since last request: 0.000040 seconds.
  path: Assets/Furniture_FREE/Meshes/scratching_post_001.fbx
  artifactKey: Guid(15b9b4825687b3b49a791a3ac38d48a3) Importer(815301076,1909f56bfc062723c751e8b465ee728b)
Start importing Assets/Furniture_FREE/Meshes/scratching_post_001.fbx using Guid(15b9b4825687b3b49a791a3ac38d48a3) Importer(815301076,1909f56bfc062723c751e8b465ee728b)  -> (artifact id: '957385f37f780a15182e4384a9eda600') in 0.007048 seconds 
========================================================================
Received Import Request.
  Time since last request: 0.000029 seconds.
  path: Assets/Furniture_FREE/Meshes/sofa_001.fbx
  artifactKey: Guid(b2bfb3f987d345b4388c7173f6f9649c) Importer(815301076,1909f56bfc062723c751e8b465ee728b)
Start importing Assets/Furniture_FREE/Meshes/sofa_001.fbx using Guid(b2bfb3f987d345b4388c7173f6f9649c) Importer(815301076,1909f56bfc062723c751e8b465ee728b)  -> (artifact id: '0a0e8c03991a6f837e3f1e5fda78ecea') in 0.008031 seconds 
========================================================================
Received Import Request.
  Time since last request: 0.000060 seconds.
  path: Assets/Photon/PhotonUnityNetworking/Demos/DemoSlotRacer/Prefabs/SlotCar_A.prefab
  artifactKey: Guid(4910a004464ca4efa808af20d2eb1e15) Importer(815301076,1909f56bfc062723c751e8b465ee728b)
Start importing Assets/Photon/PhotonUnityNetworking/Demos/DemoSlotRacer/Prefabs/SlotCar_A.prefab using Guid(4910a004464ca4efa808af20d2eb1e15) Importer(815301076,1909f56bfc062723c751e8b465ee728b)  -> (artifact id: 'de715f4981a9cfbdbd67873c3bb8deb7') in 0.006390 seconds 
========================================================================
Received Import Request.
  Time since last request: 0.000032 seconds.
  path: Assets/Photon/PhotonUnityNetworking/Demos/DemoSlotRacer/Prefabs/SlotCar_B.prefab
  artifactKey: Guid(71e3000ee30414d368eeee6d87961b6d) Importer(815301076,1909f56bfc062723c751e8b465ee728b)
Start importing Assets/Photon/PhotonUnityNetworking/Demos/DemoSlotRacer/Prefabs/SlotCar_B.prefab using Guid(71e3000ee30414d368eeee6d87961b6d) Importer(815301076,1909f56bfc062723c751e8b465ee728b)  -> (artifact id: '272a2a5aad9626c65d4dd534184914f3') in 0.006323 seconds 
========================================================================
Received Import Request.
  Time since last request: 0.000037 seconds.
  path: Assets/Photon/PhotonUnityNetworking/Demos/DemoAsteroids/Models/Spaceship.fbx
  artifactKey: Guid(65e16ec6a1570944a980e4988e715ae6) Importer(815301076,1909f56bfc062723c751e8b465ee728b)
Start importing Assets/Photon/PhotonUnityNetworking/Demos/DemoAsteroids/Models/Spaceship.fbx using Guid(65e16ec6a1570944a980e4988e715ae6) Importer(815301076,1909f56bfc062723c751e8b465ee728b)  -> (artifact id: 'ad4ae7ec605c59241197b6b5a8480ff9') in 0.007257 seconds 
========================================================================
Received Import Request.
  Time since last request: 0.000043 seconds.
  path: Assets/Photon/PhotonUnityNetworking/Demos/DemoSlotRacer/Prefabs/SlotCar_C.prefab
  artifactKey: Guid(1fd2963e35ed24ba89705127fca0fba1) Importer(815301076,1909f56bfc062723c751e8b465ee728b)
Start importing Assets/Photon/PhotonUnityNetworking/Demos/DemoSlotRacer/Prefabs/SlotCar_C.prefab using Guid(1fd2963e35ed24ba89705127fca0fba1) Importer(815301076,1909f56bfc062723c751e8b465ee728b)  -> (artifact id: '3f09fd474e01996f650dfe58f5552172') in 0.005293 seconds 
========================================================================
Received Import Request.
  Time since last request: 0.000046 seconds.
  path: Assets/Scenes/Prefabs/Table_01.prefab
  artifactKey: Guid(beb2c33674dc9a44689b1761659b5adf) Importer(815301076,1909f56bfc062723c751e8b465ee728b)
Start importing Assets/Scenes/Prefabs/Table_01.prefab using Guid(beb2c33674dc9a44689b1761659b5adf) Importer(815301076,1909f56bfc062723c751e8b465ee728b)  -> (artifact id: '72ca596493ca338ef3029a52334b93fa') in 0.020987 seconds 
========================================================================
Received Import Request.
  Time since last request: 0.000031 seconds.
  path: Assets/Furniture_FREE/Meshes/toy_002.fbx
  artifactKey: Guid(50fbd10abb1bf674981c5e42d73e5f3e) Importer(815301076,1909f56bfc062723c751e8b465ee728b)
Start importing Assets/Furniture_FREE/Meshes/toy_002.fbx using Guid(50fbd10abb1bf674981c5e42d73e5f3e) Importer(815301076,1909f56bfc062723c751e8b465ee728b)  -> (artifact id: '1a1bc057b47f06181aae0d8f257b12d3') in 0.007645 seconds 
========================================================================
Received Import Request.
  Time since last request: 0.000030 seconds.
  path: Assets/Furniture_FREE/Meshes/training_item_002.fbx
  artifactKey: Guid(4f99996cfa872bf42a2af32a1d158fd7) Importer(815301076,1909f56bfc062723c751e8b465ee728b)
Start importing Assets/Furniture_FREE/Meshes/training_item_002.fbx using Guid(4f99996cfa872bf42a2af32a1d158fd7) Importer(815301076,1909f56bfc062723c751e8b465ee728b)  -> (artifact id: 'adeb3955d7073684ee9f6ab3099c620f') in 0.009380 seconds 
========================================================================
Received Import Request.
  Time since last request: 0.000028 seconds.
  path: Assets/Furniture_FREE/Meshes/training_item_001.fbx
  artifactKey: Guid(229c147ca36ed9747a2bdb66dfe23a78) Importer(815301076,1909f56bfc062723c751e8b465ee728b)
Start importing Assets/Furniture_FREE/Meshes/training_item_001.fbx using Guid(229c147ca36ed9747a2bdb66dfe23a78) Importer(815301076,1909f56bfc062723c751e8b465ee728b)  -> (artifact id: 'f847a232b3134d09136d90a292a74d4b') in 0.008609 seconds 
========================================================================
Received Import Request.
  Time since last request: 0.000048 seconds.
  path: Assets/Photon/PhotonUnityNetworking/Demos/Shared Assets/Prefabs/UI/Tooltip.prefab
  artifactKey: Guid(87d5aa043215a47cba8b74ae3490a936) Importer(815301076,1909f56bfc062723c751e8b465ee728b)
Start importing Assets/Photon/PhotonUnityNetworking/Demos/Shared Assets/Prefabs/UI/Tooltip.prefab using Guid(87d5aa043215a47cba8b74ae3490a936) Importer(815301076,1909f56bfc062723c751e8b465ee728b)  -> (artifact id: 'bebc265fed783b6bdf75c8b0163b670c') in 0.001878 seconds 
========================================================================
Received Import Request.
  Time since last request: 0.000029 seconds.
  path: Assets/Samples/Google Cardboard XR Plugin for Unity/1.23.0/Hello Cardboard/Models/TriSphere.obj
  artifactKey: Guid(1712e013c7c2d4169b7e9bfb5a2d8c84) Importer(815301076,1909f56bfc062723c751e8b465ee728b)
Start importing Assets/Samples/Google Cardboard XR Plugin for Unity/1.23.0/Hello Cardboard/Models/TriSphere.obj using Guid(1712e013c7c2d4169b7e9bfb5a2d8c84) Importer(815301076,1909f56bfc062723c751e8b465ee728b)  -> (artifact id: '73b87fcbdd32190f9262d77799aa4ef9') in 0.012603 seconds 
========================================================================
Received Import Request.
  Time since last request: 0.000070 seconds.
  path: Assets/Furniture_FREE/Meshes/tv_wall_001.fbx
  artifactKey: Guid(58f701239c50ef14494883f16e8383cc) Importer(815301076,1909f56bfc062723c751e8b465ee728b)
Start importing Assets/Furniture_FREE/Meshes/tv_wall_001.fbx using Guid(58f701239c50ef14494883f16e8383cc) Importer(815301076,1909f56bfc062723c751e8b465ee728b)  -> (artifact id: '5a77231026bbe176b874f6c87b2a11fa') in 0.008273 seconds 
========================================================================
Received Import Request.
  Time since last request: 0.000036 seconds.
  path: Assets/Furniture_FREE/Meshes/washing_machine_001.fbx
  artifactKey: Guid(b253decc65a576b4eb2f9744a89128ef) Importer(815301076,1909f56bfc062723c751e8b465ee728b)
Start importing Assets/Furniture_FREE/Meshes/washing_machine_001.fbx using Guid(b253decc65a576b4eb2f9744a89128ef) Importer(815301076,1909f56bfc062723c751e8b465ee728b)  -> (artifact id: '8157149edf493be6bf6c4b3770c5a917') in 0.008469 seconds 
========================================================================
Received Import Request.
  Time since last request: 0.000041 seconds.
  path: Assets/Old Table&Chair/Models/Table_01.obj
  artifactKey: Guid(41041f44cfb71ff4a9fb10497399d284) Importer(815301076,1909f56bfc062723c751e8b465ee728b)
Start importing Assets/Old Table&Chair/Models/Table_01.obj using Guid(41041f44cfb71ff4a9fb10497399d284) Importer(815301076,1909f56bfc062723c751e8b465ee728b)  -> (artifact id: '08320675543e714459bc1df455fe3f2c') in 0.009722 seconds 
========================================================================
Received Import Request.
  Time since last request: 0.000035 seconds.
  path: Assets/Photon/PhotonUnityNetworking/Demos/DemoAsteroids/Resources/Spaceship.prefab
  artifactKey: Guid(775dd0a15ad25a544b33ad40ef0da1f0) Importer(815301076,1909f56bfc062723c751e8b465ee728b)
Start importing Assets/Photon/PhotonUnityNetworking/Demos/DemoAsteroids/Resources/Spaceship.prefab using Guid(775dd0a15ad25a544b33ad40ef0da1f0) Importer(815301076,1909f56bfc062723c751e8b465ee728b)  -> (artifact id: 'd41175eaea965826eaddb56b8f0dfacd') in 0.027832 seconds 
========================================================================
Received Import Request.
  Time since last request: 0.000034 seconds.
  path: Packages/com.unity.xr.legacyinputhelpers/Prefabs/XRRig.prefab
  artifactKey: Guid(c116b7497ab8ca34c9188965d4295e27) Importer(815301076,1909f56bfc062723c751e8b465ee728b)
Start importing Packages/com.unity.xr.legacyinputhelpers/Prefabs/XRRig.prefab using Guid(c116b7497ab8ca34c9188965d4295e27) Importer(815301076,1909f56bfc062723c751e8b465ee728b)  -> (artifact id: '8bd8b0f8b96e19841b97bd32b36257d9') in 0.002891 seconds 
========================================================================
Received Import Request.
  Time since last request: 0.000039 seconds.
  path: Assets/Furniture_FREE/Meshes/toy_001.fbx
  artifactKey: Guid(ed42e3e83a1505c46be371032c205b55) Importer(815301076,1909f56bfc062723c751e8b465ee728b)
Start importing Assets/Furniture_FREE/Meshes/toy_001.fbx using Guid(ed42e3e83a1505c46be371032c205b55) Importer(815301076,1909f56bfc062723c751e8b465ee728b)  -> (artifact id: '0935b37907e5ad65addbed99b97c9be0') in 0.007425 seconds 
========================================================================
Received Import Request.
  Time since last request: 0.000039 seconds.
  path: Assets/Photon/PhotonUnityNetworking/Demos/DemoSlotRacer/Prefabs/SlotCar_D.prefab
  artifactKey: Guid(9db296b8bb78143c1a5f7fa8f611967e) Importer(815301076,1909f56bfc062723c751e8b465ee728b)
Start importing Assets/Photon/PhotonUnityNetworking/Demos/DemoSlotRacer/Prefabs/SlotCar_D.prefab using Guid(9db296b8bb78143c1a5f7fa8f611967e) Importer(815301076,1909f56bfc062723c751e8b465ee728b)  -> (artifact id: '9dabbd01d9eb2c04a1314c9ce961f44e') in 0.005742 seconds 
========================================================================
Received Import Request.
  Time since last request: 16.229033 seconds.
  path: Assets/Scenes/Project.unity
  artifactKey: Guid(1074ef4aa9a0d47fcb9d1b9ddeec2f9d) Importer(815301076,1909f56bfc062723c751e8b465ee728b)
Start importing Assets/Scenes/Project.unity using Guid(1074ef4aa9a0d47fcb9d1b9ddeec2f9d) Importer(815301076,1909f56bfc062723c751e8b465ee728b)  -> (artifact id: 'ce7d8da83c1557efc54c8e49d0f2b277') in 0.001025 seconds 
========================================================================
Received Prepare
Registering precompiled user dll's ...
Registered in 0.001625 seconds.
Begin MonoManager ReloadAssembly
Thread 0x172ac7000 may have been prematurely finalized
Native extension for iOS target not found
Native extension for Android target not found
Native extension for OSXStandalone target not found
Refreshing native plugins compatible for Editor in 0.74 ms, found 2 plugins.
Preloading 0 native plugins for Editor in 0.00 ms.
Mono: successfully reloaded assembly
- Completed reload, in  0.642 seconds
Domain Reload Profiling:
	ReloadAssembly (642ms)
		BeginReloadAssembly (101ms)
			ExecutionOrderSort (0ms)
			DisableScriptedObjects (3ms)
			BackupInstance (0ms)
			ReleaseScriptingObjects (0ms)
			CreateAndSetChildDomain (48ms)
		EndReloadAssembly (484ms)
			LoadAssemblies (39ms)
			RebuildTransferFunctionScriptingTraits (0ms)
			SetupTypeCache (177ms)
			ReleaseScriptCaches (1ms)
			RebuildScriptCaches (30ms)
			SetupLoadedEditorAssemblies (211ms)
				LogAssemblyErrors (0ms)
				InitializePlatformSupportModulesInManaged (16ms)
				SetLoadedEditorAssemblies (0ms)
				RefreshPlugins (1ms)
				BeforeProcessingInitializeOnLoad (36ms)
				ProcessInitializeOnLoadAttributes (144ms)
				ProcessInitializeOnLoadMethodAttributes (13ms)
				AfterProcessingInitializeOnLoad (1ms)
				EditorAssembliesLoaded (0ms)
			ExecutionOrderSort2 (0ms)
			AwakeInstancesAfterBackupRestoration (2ms)
Platform modules already initialized, skipping
Refreshing native plugins compatible for Editor in 0.93 ms, found 2 plugins.
Preloading 0 native plugins for Editor in 0.00 ms.
Unloading 3859 Unused Serialized files (Serialized files now loaded: 0)
Unloading 42 unused Assets / (203.8 KB). Loaded Objects now: 4460.
Memory consumption went from 167.2 MB to 167.0 MB.
Total: 2.897791 ms (FindLiveObjects: 0.158708 ms CreateObjectMapping: 0.111125 ms MarkObjects: 2.503917 ms  DeleteObjects: 0.123583 ms)

AssetImportParameters requested are different than current active one (requested -> active):
  custom:video-decoder-ogg-theora: a1e56fd34408186e4bbccfd4996cb3dc -> 
  custom:container-muxer-webm: aa71ff27fc2769a1b78a27578f13a17b -> 
  custom:container-demuxer-webm: 4f35f7cbe854078d1ac9338744f61a02 -> 
  custom:video-encoder-webm-vp8: eb34c28f22e8b96e1ab97ce403110664 -> 
  custom:framework-osx-AVFoundation: e770b220cccbd017edd2c1fefb359320 -> 
  custom:audio-encoder-webm-vorbis: bf7c407c2cedff20999df2af8eb42d56 -> 
  custom:container-demuxer-ogg: 62fdf1f143b41e24485cea50d1cbac27 -> 
  custom:video-decoder-webm-vp8: 9c59270c3fd7afecdb556c50c9e8de78 -> 
  custom:audio-decoder-ogg-vorbis: bf7c407c2cedff20999df2af8eb42d56 -> 
========================================================================
Received Import Request.
  Time since last request: 86.735385 seconds.
  path: Assets/Resources/Character.prefab
  artifactKey: Guid(1fbc81e27d53b45aca637308c5f51e49) Importer(815301076,1909f56bfc062723c751e8b465ee728b)
Start importing Assets/Resources/Character.prefab using Guid(1fbc81e27d53b45aca637308c5f51e49) Importer(815301076,1909f56bfc062723c751e8b465ee728b)  -> (artifact id: '8de6da3b68bbd7ce77b6373f98f90954') in 0.102982 seconds 
========================================================================
Received Import Request.
  Time since last request: 4.934627 seconds.
  path: Assets/Resources/Character.prefab
  artifactKey: Guid(1fbc81e27d53b45aca637308c5f51e49) Importer(815301076,1909f56bfc062723c751e8b465ee728b)
Start importing Assets/Resources/Character.prefab using Guid(1fbc81e27d53b45aca637308c5f51e49) Importer(815301076,1909f56bfc062723c751e8b465ee728b)  -> (artifact id: 'bc0d57a15fdf5bd34f43b7126e8e1dc1') in 0.008380 seconds 
========================================================================
Received Prepare
Registering precompiled user dll's ...
Registered in 0.001581 seconds.
Begin MonoManager ReloadAssembly
Thread 0x172abb000 may have been prematurely finalized
Native extension for iOS target not found
Native extension for Android target not found
Native extension for OSXStandalone target not found
Refreshing native plugins compatible for Editor in 0.71 ms, found 2 plugins.
Preloading 0 native plugins for Editor in 0.00 ms.
Mono: successfully reloaded assembly
- Completed reload, in  0.651 seconds
Domain Reload Profiling:
	ReloadAssembly (652ms)
		BeginReloadAssembly (99ms)
			ExecutionOrderSort (0ms)
			DisableScriptedObjects (3ms)
			BackupInstance (0ms)
			ReleaseScriptingObjects (0ms)
			CreateAndSetChildDomain (48ms)
		EndReloadAssembly (496ms)
			LoadAssemblies (50ms)
			RebuildTransferFunctionScriptingTraits (0ms)
			SetupTypeCache (180ms)
			ReleaseScriptCaches (1ms)
			RebuildScriptCaches (28ms)
			SetupLoadedEditorAssemblies (210ms)
				LogAssemblyErrors (0ms)
				InitializePlatformSupportModulesInManaged (17ms)
				SetLoadedEditorAssemblies (0ms)
				RefreshPlugins (1ms)
				BeforeProcessingInitializeOnLoad (36ms)
				ProcessInitializeOnLoadAttributes (143ms)
				ProcessInitializeOnLoadMethodAttributes (12ms)
				AfterProcessingInitializeOnLoad (1ms)
				EditorAssembliesLoaded (0ms)
			ExecutionOrderSort2 (0ms)
			AwakeInstancesAfterBackupRestoration (2ms)
Platform modules already initialized, skipping
Refreshing native plugins compatible for Editor in 0.92 ms, found 2 plugins.
Preloading 0 native plugins for Editor in 0.00 ms.
Unloading 3859 Unused Serialized files (Serialized files now loaded: 0)
Unloading 34 unused Assets / (200.5 KB). Loaded Objects now: 4465.
Memory consumption went from 167.2 MB to 167.0 MB.
Total: 3.155125 ms (FindLiveObjects: 0.151292 ms CreateObjectMapping: 0.131042 ms MarkObjects: 2.788833 ms  DeleteObjects: 0.083417 ms)

AssetImportParameters requested are different than current active one (requested -> active):
  custom:video-decoder-ogg-theora: a1e56fd34408186e4bbccfd4996cb3dc -> 
  custom:container-muxer-webm: aa71ff27fc2769a1b78a27578f13a17b -> 
  custom:container-demuxer-webm: 4f35f7cbe854078d1ac9338744f61a02 -> 
  custom:video-encoder-webm-vp8: eb34c28f22e8b96e1ab97ce403110664 -> 
  custom:framework-osx-AVFoundation: e770b220cccbd017edd2c1fefb359320 -> 
  custom:audio-encoder-webm-vorbis: bf7c407c2cedff20999df2af8eb42d56 -> 
  custom:container-demuxer-ogg: 62fdf1f143b41e24485cea50d1cbac27 -> 
  custom:video-decoder-webm-vp8: 9c59270c3fd7afecdb556c50c9e8de78 -> 
  custom:audio-decoder-ogg-vorbis: bf7c407c2cedff20999df2af8eb42d56 -> 
========================================================================
Received Import Request.
  Time since last request: 19.822671 seconds.
  path: Assets/Resources/Character.prefab
  artifactKey: Guid(1fbc81e27d53b45aca637308c5f51e49) Importer(815301076,1909f56bfc062723c751e8b465ee728b)
Start importing Assets/Resources/Character.prefab using Guid(1fbc81e27d53b45aca637308c5f51e49) Importer(815301076,1909f56bfc062723c751e8b465ee728b)  -> (artifact id: 'e41d79489d7c95f023b823dfbfe7ad93') in 0.049569 seconds 
========================================================================
Received Import Request.
  Time since last request: 5.613111 seconds.
  path: Assets/Resources/Character.prefab
  artifactKey: Guid(1fbc81e27d53b45aca637308c5f51e49) Importer(815301076,1909f56bfc062723c751e8b465ee728b)
Start importing Assets/Resources/Character.prefab using Guid(1fbc81e27d53b45aca637308c5f51e49) Importer(815301076,1909f56bfc062723c751e8b465ee728b)  -> (artifact id: 'fc12457c7219dd9ce93b94ded6ada421') in 0.008727 seconds 
========================================================================
Received Prepare
Registering precompiled user dll's ...
Registered in 0.001612 seconds.
Begin MonoManager ReloadAssembly
Thread 0x172abb000 may have been prematurely finalized
Native extension for iOS target not found
Native extension for Android target not found
Native extension for OSXStandalone target not found
Refreshing native plugins compatible for Editor in 0.45 ms, found 2 plugins.
Preloading 0 native plugins for Editor in 0.00 ms.
Mono: successfully reloaded assembly
- Completed reload, in  0.642 seconds
Domain Reload Profiling:
	ReloadAssembly (643ms)
		BeginReloadAssembly (101ms)
			ExecutionOrderSort (0ms)
			DisableScriptedObjects (6ms)
			BackupInstance (0ms)
			ReleaseScriptingObjects (0ms)
			CreateAndSetChildDomain (45ms)
		EndReloadAssembly (483ms)
			LoadAssemblies (34ms)
			RebuildTransferFunctionScriptingTraits (0ms)
			SetupTypeCache (182ms)
			ReleaseScriptCaches (1ms)
			RebuildScriptCaches (28ms)
			SetupLoadedEditorAssemblies (210ms)
				LogAssemblyErrors (0ms)
				InitializePlatformSupportModulesInManaged (18ms)
				SetLoadedEditorAssemblies (0ms)
				RefreshPlugins (0ms)
				BeforeProcessingInitializeOnLoad (36ms)
				ProcessInitializeOnLoadAttributes (143ms)
				ProcessInitializeOnLoadMethodAttributes (12ms)
				AfterProcessingInitializeOnLoad (1ms)
				EditorAssembliesLoaded (0ms)
			ExecutionOrderSort2 (0ms)
			AwakeInstancesAfterBackupRestoration (3ms)
Platform modules already initialized, skipping
Refreshing native plugins compatible for Editor in 0.91 ms, found 2 plugins.
Preloading 0 native plugins for Editor in 0.00 ms.
Unloading 3859 Unused Serialized files (Serialized files now loaded: 0)
Unloading 34 unused Assets / (200.4 KB). Loaded Objects now: 4470.
Memory consumption went from 167.2 MB to 167.0 MB.
Total: 2.663750 ms (FindLiveObjects: 0.143709 ms CreateObjectMapping: 0.067541 ms MarkObjects: 2.377167 ms  DeleteObjects: 0.074834 ms)

AssetImportParameters requested are different than current active one (requested -> active):
  custom:video-decoder-ogg-theora: a1e56fd34408186e4bbccfd4996cb3dc -> 
  custom:container-muxer-webm: aa71ff27fc2769a1b78a27578f13a17b -> 
  custom:container-demuxer-webm: 4f35f7cbe854078d1ac9338744f61a02 -> 
  custom:video-encoder-webm-vp8: eb34c28f22e8b96e1ab97ce403110664 -> 
  custom:framework-osx-AVFoundation: e770b220cccbd017edd2c1fefb359320 -> 
  custom:audio-encoder-webm-vorbis: bf7c407c2cedff20999df2af8eb42d56 -> 
  custom:container-demuxer-ogg: 62fdf1f143b41e24485cea50d1cbac27 -> 
  custom:video-decoder-webm-vp8: 9c59270c3fd7afecdb556c50c9e8de78 -> 
  custom:audio-decoder-ogg-vorbis: bf7c407c2cedff20999df2af8eb42d56 -> 
========================================================================
Received Import Request.
  Time since last request: 208.195502 seconds.
  path: Assets/Resources/Character.prefab
  artifactKey: Guid(1fbc81e27d53b45aca637308c5f51e49) Importer(815301076,1909f56bfc062723c751e8b465ee728b)
Start importing Assets/Resources/Character.prefab using Guid(1fbc81e27d53b45aca637308c5f51e49) Importer(815301076,1909f56bfc062723c751e8b465ee728b)  -> (artifact id: '9ec9d19523a5a5c7a0d717fb6a7b0e3c') in 0.130094 seconds 
========================================================================
Received Import Request.
  Time since last request: 3.561473 seconds.
  path: Assets/Resources/Character.prefab
  artifactKey: Guid(1fbc81e27d53b45aca637308c5f51e49) Importer(815301076,1909f56bfc062723c751e8b465ee728b)
Start importing Assets/Resources/Character.prefab using Guid(1fbc81e27d53b45aca637308c5f51e49) Importer(815301076,1909f56bfc062723c751e8b465ee728b)  -> (artifact id: '020b682b277dbbc85295c6a1581be019') in 0.013344 seconds 
========================================================================
Received Prepare
Registering precompiled user dll's ...
Registered in 0.001431 seconds.
Begin MonoManager ReloadAssembly
Thread 0x172abb000 may have been prematurely finalized
Native extension for iOS target not found
Native extension for Android target not found
Native extension for OSXStandalone target not found
Refreshing native plugins compatible for Editor in 0.96 ms, found 2 plugins.
Preloading 0 native plugins for Editor in 0.00 ms.
Mono: successfully reloaded assembly
- Completed reload, in  0.719 seconds
Domain Reload Profiling:
	ReloadAssembly (720ms)
		BeginReloadAssembly (141ms)
			ExecutionOrderSort (0ms)
			DisableScriptedObjects (3ms)
			BackupInstance (0ms)
			ReleaseScriptingObjects (0ms)
			CreateAndSetChildDomain (68ms)
		EndReloadAssembly (519ms)
			LoadAssemblies (47ms)
			RebuildTransferFunctionScriptingTraits (0ms)
			SetupTypeCache (187ms)
			ReleaseScriptCaches (2ms)
			RebuildScriptCaches (29ms)
			SetupLoadedEditorAssemblies (222ms)
				LogAssemblyErrors (0ms)
				InitializePlatformSupportModulesInManaged (18ms)
				SetLoadedEditorAssemblies (0ms)
				RefreshPlugins (1ms)
				BeforeProcessingInitializeOnLoad (42ms)
				ProcessInitializeOnLoadAttributes (147ms)
				ProcessInitializeOnLoadMethodAttributes (13ms)
				AfterProcessingInitializeOnLoad (1ms)
				EditorAssembliesLoaded (0ms)
			ExecutionOrderSort2 (0ms)
			AwakeInstancesAfterBackupRestoration (2ms)
Platform modules already initialized, skipping
Refreshing native plugins compatible for Editor in 0.90 ms, found 2 plugins.
Preloading 0 native plugins for Editor in 0.00 ms.
Unloading 3859 Unused Serialized files (Serialized files now loaded: 0)
Unloading 34 unused Assets / (199.5 KB). Loaded Objects now: 4475.
Memory consumption went from 167.2 MB to 167.0 MB.
Total: 2.946208 ms (FindLiveObjects: 0.164334 ms CreateObjectMapping: 0.195958 ms MarkObjects: 2.477583 ms  DeleteObjects: 0.107792 ms)

AssetImportParameters requested are different than current active one (requested -> active):
  custom:video-decoder-ogg-theora: a1e56fd34408186e4bbccfd4996cb3dc -> 
  custom:container-muxer-webm: aa71ff27fc2769a1b78a27578f13a17b -> 
  custom:container-demuxer-webm: 4f35f7cbe854078d1ac9338744f61a02 -> 
  custom:video-encoder-webm-vp8: eb34c28f22e8b96e1ab97ce403110664 -> 
  custom:framework-osx-AVFoundation: e770b220cccbd017edd2c1fefb359320 -> 
  custom:audio-encoder-webm-vorbis: bf7c407c2cedff20999df2af8eb42d56 -> 
  custom:container-demuxer-ogg: 62fdf1f143b41e24485cea50d1cbac27 -> 
  custom:video-decoder-webm-vp8: 9c59270c3fd7afecdb556c50c9e8de78 -> 
  custom:audio-decoder-ogg-vorbis: bf7c407c2cedff20999df2af8eb42d56 -> 
========================================================================
Received Prepare
Registering precompiled user dll's ...
Registered in 0.001685 seconds.
Begin MonoManager ReloadAssembly
Thread 0x172abb000 may have been prematurely finalized
Native extension for iOS target not found
Native extension for Android target not found
Native extension for OSXStandalone target not found
Refreshing native plugins compatible for Editor in 0.43 ms, found 2 plugins.
Preloading 0 native plugins for Editor in 0.00 ms.
Mono: successfully reloaded assembly
- Completed reload, in  0.653 seconds
Domain Reload Profiling:
	ReloadAssembly (654ms)
		BeginReloadAssembly (100ms)
			ExecutionOrderSort (0ms)
			DisableScriptedObjects (3ms)
			BackupInstance (0ms)
			ReleaseScriptingObjects (0ms)
			CreateAndSetChildDomain (47ms)
		EndReloadAssembly (496ms)
			LoadAssemblies (36ms)
			RebuildTransferFunctionScriptingTraits (0ms)
			SetupTypeCache (184ms)
			ReleaseScriptCaches (1ms)
			RebuildScriptCaches (29ms)
			SetupLoadedEditorAssemblies (219ms)
				LogAssemblyErrors (0ms)
				InitializePlatformSupportModulesInManaged (18ms)
				SetLoadedEditorAssemblies (0ms)
				RefreshPlugins (0ms)
				BeforeProcessingInitializeOnLoad (36ms)
				ProcessInitializeOnLoadAttributes (151ms)
				ProcessInitializeOnLoadMethodAttributes (13ms)
				AfterProcessingInitializeOnLoad (1ms)
				EditorAssembliesLoaded (0ms)
			ExecutionOrderSort2 (0ms)
			AwakeInstancesAfterBackupRestoration (2ms)
Platform modules already initialized, skipping
Refreshing native plugins compatible for Editor in 0.92 ms, found 2 plugins.
Preloading 0 native plugins for Editor in 0.00 ms.
Unloading 3859 Unused Serialized files (Serialized files now loaded: 0)
Unloading 34 unused Assets / (207.4 KB). Loaded Objects now: 4480.
Memory consumption went from 167.3 MB to 167.0 MB.
Total: 2.805250 ms (FindLiveObjects: 0.154750 ms CreateObjectMapping: 0.075708 ms MarkObjects: 2.481459 ms  DeleteObjects: 0.092792 ms)

AssetImportParameters requested are different than current active one (requested -> active):
  custom:video-decoder-ogg-theora: a1e56fd34408186e4bbccfd4996cb3dc -> 
  custom:container-muxer-webm: aa71ff27fc2769a1b78a27578f13a17b -> 
  custom:container-demuxer-webm: 4f35f7cbe854078d1ac9338744f61a02 -> 
  custom:video-encoder-webm-vp8: eb34c28f22e8b96e1ab97ce403110664 -> 
  custom:framework-osx-AVFoundation: e770b220cccbd017edd2c1fefb359320 -> 
  custom:audio-encoder-webm-vorbis: bf7c407c2cedff20999df2af8eb42d56 -> 
  custom:container-demuxer-ogg: 62fdf1f143b41e24485cea50d1cbac27 -> 
  custom:video-decoder-webm-vp8: 9c59270c3fd7afecdb556c50c9e8de78 -> 
  custom:audio-decoder-ogg-vorbis: bf7c407c2cedff20999df2af8eb42d56 -> 
========================================================================
Received Import Request.
  Time since last request: 1423.413277 seconds.
  path: Assets/Resources/Character 1.prefab
  artifactKey: Guid(9f5bb052ed3cd4cf49ebbe5e1d0fedcd) Importer(815301076,1909f56bfc062723c751e8b465ee728b)
Start importing Assets/Resources/Character 1.prefab using Guid(9f5bb052ed3cd4cf49ebbe5e1d0fedcd) Importer(815301076,1909f56bfc062723c751e8b465ee728b)  -> (artifact id: '699e1386014928ee9414e7c35348c8d1') in 0.198905 seconds 
========================================================================
Received Prepare
Registering precompiled user dll's ...
Registered in 0.001603 seconds.
Begin MonoManager ReloadAssembly
Thread 0x172abb000 may have been prematurely finalized
Native extension for iOS target not found
Native extension for Android target not found
Native extension for OSXStandalone target not found
Refreshing native plugins compatible for Editor in 0.76 ms, found 2 plugins.
Preloading 0 native plugins for Editor in 0.00 ms.
Mono: successfully reloaded assembly
- Completed reload, in  0.704 seconds
Domain Reload Profiling:
	ReloadAssembly (704ms)
		BeginReloadAssembly (128ms)
			ExecutionOrderSort (0ms)
			DisableScriptedObjects (6ms)
			BackupInstance (0ms)
			ReleaseScriptingObjects (0ms)
			CreateAndSetChildDomain (66ms)
		EndReloadAssembly (517ms)
			LoadAssemblies (37ms)
			RebuildTransferFunctionScriptingTraits (0ms)
			SetupTypeCache (190ms)
			ReleaseScriptCaches (3ms)
			RebuildScriptCaches (29ms)
			SetupLoadedEditorAssemblies (229ms)
				LogAssemblyErrors (0ms)
				InitializePlatformSupportModulesInManaged (17ms)
				SetLoadedEditorAssemblies (0ms)
				RefreshPlugins (1ms)
				BeforeProcessingInitializeOnLoad (37ms)
				ProcessInitializeOnLoadAttributes (161ms)
				ProcessInitializeOnLoadMethodAttributes (12ms)
				AfterProcessingInitializeOnLoad (1ms)
				EditorAssembliesLoaded (0ms)
			ExecutionOrderSort2 (0ms)
			AwakeInstancesAfterBackupRestoration (2ms)
Platform modules already initialized, skipping
Refreshing native plugins compatible for Editor in 0.92 ms, found 2 plugins.
Preloading 0 native plugins for Editor in 0.00 ms.
Unloading 3859 Unused Serialized files (Serialized files now loaded: 0)
Unloading 34 unused Assets / (199.6 KB). Loaded Objects now: 4485.
Memory consumption went from 167.3 MB to 167.1 MB.
Total: 3.014375 ms (FindLiveObjects: 0.185166 ms CreateObjectMapping: 0.110500 ms MarkObjects: 2.633083 ms  DeleteObjects: 0.084916 ms)

AssetImportParameters requested are different than current active one (requested -> active):
  custom:video-decoder-ogg-theora: a1e56fd34408186e4bbccfd4996cb3dc -> 
  custom:container-muxer-webm: aa71ff27fc2769a1b78a27578f13a17b -> 
  custom:container-demuxer-webm: 4f35f7cbe854078d1ac9338744f61a02 -> 
  custom:video-encoder-webm-vp8: eb34c28f22e8b96e1ab97ce403110664 -> 
  custom:framework-osx-AVFoundation: e770b220cccbd017edd2c1fefb359320 -> 
  custom:audio-encoder-webm-vorbis: bf7c407c2cedff20999df2af8eb42d56 -> 
  custom:container-demuxer-ogg: 62fdf1f143b41e24485cea50d1cbac27 -> 
  custom:video-decoder-webm-vp8: 9c59270c3fd7afecdb556c50c9e8de78 -> 
  custom:audio-decoder-ogg-vorbis: bf7c407c2cedff20999df2af8eb42d56 -> 
