Unity Editor version:    2021.3.16f1 (4016570cf34f)
Branch:                  2021.3/evg/staging/82bb020e-b03b1330/draft-0
Build type:              Release
Batch mode:              YES
macOS version:           Version 13.6.4 (Build 22G513)
Darwin version:          22.6.0
Architecture:            arm64
Running under Rosetta:   NO
Available memory:        8192 MB
Using pre-set license
Pro License: YES

COMMAND LINE ARGUMENTS:
/Applications/Unity/Unity.app/Contents/MacOS/Unity
-adb2
-batchMode
-noUpm
-name
AssetImportWorker1
-projectPath
/Users/arjunreddy/Desktop/Team14
-logFile
Logs/AssetImportWorker1.log
-srvPort
60537
Successfully changed project path to: /Users/arjunreddy/Desktop/Team14
/Users/arjunreddy/Desktop/Team14
[UnityMemory] Configuration Parameters - Can be set up in boot.config
    "memorysetup-bucket-allocator-granularity=16"
    "memorysetup-bucket-allocator-bucket-count=8"
    "memorysetup-bucket-allocator-block-size=33554432"
    "memorysetup-bucket-allocator-block-count=8"
    "memorysetup-main-allocator-block-size=16777216"
    "memorysetup-thread-allocator-block-size=16777216"
    "memorysetup-gfx-main-allocator-block-size=16777216"
    "memorysetup-gfx-thread-allocator-block-size=16777216"
    "memorysetup-cache-allocator-block-size=4194304"
    "memorysetup-typetree-allocator-block-size=2097152"
    "memorysetup-profiler-bucket-allocator-granularity=16"
    "memorysetup-profiler-bucket-allocator-bucket-count=8"
    "memorysetup-profiler-bucket-allocator-block-size=33554432"
    "memorysetup-profiler-bucket-allocator-block-count=8"
    "memorysetup-profiler-allocator-block-size=16777216"
    "memorysetup-profiler-editor-allocator-block-size=1048576"
    "memorysetup-temp-allocator-size-main=16777216"
    "memorysetup-job-temp-allocator-block-size=2097152"
    "memorysetup-job-temp-allocator-block-size-background=1048576"
    "memorysetup-job-temp-allocator-reduction-small-platforms=262144"
    "memorysetup-temp-allocator-size-background-worker=32768"
    "memorysetup-temp-allocator-size-job-worker=262144"
    "memorysetup-temp-allocator-size-preload-manager=33554432"
    "memorysetup-temp-allocator-size-nav-mesh-worker=65536"
    "memorysetup-temp-allocator-size-audio-worker=65536"
    "memorysetup-temp-allocator-size-cloud-worker=32768"
    "memorysetup-temp-allocator-size-gi-baking-worker=262144"
    "memorysetup-temp-allocator-size-gfx=262144"
Player connection [8636473600] Host "[IP] 192.168.1.236 [Port] 0 [Flags] 2 [Guid] 3862166843 [EditorId] 3862166843 [Version] 1048832 [Id] OSXEditor(0,arjuns-Air.lan) [Debug] 1 [PackageName] OSXEditor [ProjectName] Editor" joined multi-casting on [225.0.0.222:54997]...

Player connection [8636473600] Host "[IP] 192.168.1.236 [Port] 0 [Flags] 2 [Guid] 3862166843 [EditorId] 3862166843 [Version] 1048832 [Id] OSXEditor(0,arjuns-Air.lan) [Debug] 1 [PackageName] OSXEditor [ProjectName] Editor" joined alternative multi-casting on [225.0.0.222:34997]...

Refreshing native plugins compatible for Editor in 92.78 ms, found 2 plugins.
Preloading 0 native plugins for Editor in 0.00 ms.
Initialize engine version: 2021.3.16f1 (4016570cf34f)
[Subsystems] Discovering subsystems at path /Applications/Unity/Unity.app/Contents/Resources/UnitySubsystems
[Subsystems] Discovering subsystems at path /Users/arjunreddy/Desktop/Team14/Assets
GfxDevice: creating device client; threaded=0; jobified=0
 preferred device: Apple M2 (high power)
Metal devices available: 1
0: Apple M2 (high power)
Using device Apple M2 (high power)
Initializing Metal device caps: Apple M2
Initialize mono
Mono path[0] = '/Applications/Unity/Unity.app/Contents/Managed'
Mono path[1] = '/Applications/Unity/Unity.app/Contents/MonoBleedingEdge/lib/mono/unityjit-macos'
Mono config path = '/Applications/Unity/Unity.app/Contents/MonoBleedingEdge/etc'
Using monoOptions --debugger-agent=transport=dt_socket,embedding=1,server=y,suspend=n,address=127.0.0.1:56987
Begin MonoManager ReloadAssembly
Registering precompiled unity dll's ...
Register platform support module: /Applications/Unity/Unity.app/Contents/PlaybackEngines/MacStandaloneSupport/UnityEditor.OSXStandalone.Extensions.dll
Register platform support module: /Applications/Unity/PlaybackEngines/AndroidPlayer/UnityEditor.Android.Extensions.dll
Register platform support module: /Applications/Unity/PlaybackEngines/iOSSupport/UnityEditor.iOS.Extensions.dll
Registered in 0.000662 seconds.
[usbmuxd] Start listen thread
[usbmuxd] Listen thread started
[usbmuxd] Send listen message
Native extension for iOS target not found
Native extension for Android target not found
Native extension for OSXStandalone target not found
Refreshing native plugins compatible for Editor in 65.37 ms, found 2 plugins.
Preloading 0 native plugins for Editor in 0.00 ms.
Mono: successfully reloaded assembly
- Completed reload, in  0.537 seconds
Domain Reload Profiling:
	ReloadAssembly (537ms)
		BeginReloadAssembly (74ms)
			ExecutionOrderSort (0ms)
			DisableScriptedObjects (0ms)
			BackupInstance (0ms)
			ReleaseScriptingObjects (0ms)
			CreateAndSetChildDomain (1ms)
		EndReloadAssembly (388ms)
			LoadAssemblies (76ms)
			RebuildTransferFunctionScriptingTraits (1ms)
			SetupTypeCache (80ms)
			ReleaseScriptCaches (0ms)
			RebuildScriptCaches (19ms)
			SetupLoadedEditorAssemblies (256ms)
				LogAssemblyErrors (0ms)
				InitializePlatformSupportModulesInManaged (103ms)
				SetLoadedEditorAssemblies (0ms)
				RefreshPlugins (65ms)
				BeforeProcessingInitializeOnLoad (1ms)
				ProcessInitializeOnLoadAttributes (57ms)
				ProcessInitializeOnLoadMethodAttributes (30ms)
				AfterProcessingInitializeOnLoad (0ms)
				EditorAssembliesLoaded (0ms)
			ExecutionOrderSort2 (0ms)
			AwakeInstancesAfterBackupRestoration (0ms)
Platform modules already initialized, skipping
Registering precompiled user dll's ...
Registered in 0.008728 seconds.
Begin MonoManager ReloadAssembly
Native extension for iOS target not found
Native extension for Android target not found
Native extension for OSXStandalone target not found
Refreshing native plugins compatible for Editor in 0.48 ms, found 2 plugins.
Preloading 0 native plugins for Editor in 0.00 ms.
Package Manager log level set to [2]
Mono: successfully reloaded assembly
- Completed reload, in  0.775 seconds
Domain Reload Profiling:
	ReloadAssembly (775ms)
		BeginReloadAssembly (165ms)
			ExecutionOrderSort (0ms)
			DisableScriptedObjects (4ms)
			BackupInstance (0ms)
			ReleaseScriptingObjects (0ms)
			CreateAndSetChildDomain (124ms)
		EndReloadAssembly (544ms)
			LoadAssemblies (73ms)
			RebuildTransferFunctionScriptingTraits (0ms)
			SetupTypeCache (174ms)
			ReleaseScriptCaches (1ms)
			RebuildScriptCaches (36ms)
			SetupLoadedEditorAssemblies (234ms)
				LogAssemblyErrors (0ms)
				InitializePlatformSupportModulesInManaged (13ms)
				SetLoadedEditorAssemblies (0ms)
				RefreshPlugins (0ms)
				BeforeProcessingInitializeOnLoad (49ms)
				ProcessInitializeOnLoadAttributes (159ms)
				ProcessInitializeOnLoadMethodAttributes (13ms)
				AfterProcessingInitializeOnLoad (1ms)
				EditorAssembliesLoaded (0ms)
			ExecutionOrderSort2 (0ms)
			AwakeInstancesAfterBackupRestoration (2ms)
Platform modules already initialized, skipping
========================================================================
Worker process is ready to serve import requests
Launching external process: /Applications/Unity/Unity.app/Contents/Tools/UnityShaderCompiler
Launched and connected shader compiler UnityShaderCompiler after 0.20 seconds
Refreshing native plugins compatible for Editor in 0.52 ms, found 2 plugins.
Preloading 0 native plugins for Editor in 0.00 ms.
Unloading 3935 Unused Serialized files (Serialized files now loaded: 0)
Unloading 43 unused Assets / (476.6 KB). Loaded Objects now: 4396.
Memory consumption went from 145.0 MB to 144.5 MB.
Total: 4.334417 ms (FindLiveObjects: 0.263542 ms CreateObjectMapping: 0.142875 ms MarkObjects: 3.808917 ms  DeleteObjects: 0.118625 ms)

AssetImportParameters requested are different than current active one (requested -> active):
  custom:video-decoder-ogg-theora: a1e56fd34408186e4bbccfd4996cb3dc -> 
  custom:container-muxer-webm: aa71ff27fc2769a1b78a27578f13a17b -> 
  custom:container-demuxer-webm: 4f35f7cbe854078d1ac9338744f61a02 -> 
  custom:video-encoder-webm-vp8: eb34c28f22e8b96e1ab97ce403110664 -> 
  custom:framework-osx-AVFoundation: e770b220cccbd017edd2c1fefb359320 -> 
  custom:audio-encoder-webm-vorbis: bf7c407c2cedff20999df2af8eb42d56 -> 
  custom:container-demuxer-ogg: 62fdf1f143b41e24485cea50d1cbac27 -> 
  custom:video-decoder-webm-vp8: 9c59270c3fd7afecdb556c50c9e8de78 -> 
  custom:audio-decoder-ogg-vorbis: bf7c407c2cedff20999df2af8eb42d56 -> 
========================================================================
Received Import Request.
  Time since last request: 446073.716411 seconds.
  path: Assets/Scripts/RayCastPointer.cs
  artifactKey: Guid(234217a3799c8974b9e14f078ba80c37) Importer(815301076,1909f56bfc062723c751e8b465ee728b)
Start importing Assets/Scripts/RayCastPointer.cs using Guid(234217a3799c8974b9e14f078ba80c37) Importer(815301076,1909f56bfc062723c751e8b465ee728b)  -> (artifact id: '4695986e57f19cbc1cb616b358f52ebc') in 0.190910 seconds 
========================================================================
Received Prepare
Registering precompiled user dll's ...
Registered in 0.001543 seconds.
Begin MonoManager ReloadAssembly
Thread 0x29b687000 may have been prematurely finalized
Native extension for iOS target not found
Native extension for Android target not found
Native extension for OSXStandalone target not found
Refreshing native plugins compatible for Editor in 0.39 ms, found 2 plugins.
Preloading 0 native plugins for Editor in 0.00 ms.
Mono: successfully reloaded assembly
- Completed reload, in  0.635 seconds
Domain Reload Profiling:
	ReloadAssembly (635ms)
		BeginReloadAssembly (105ms)
			ExecutionOrderSort (0ms)
			DisableScriptedObjects (3ms)
			BackupInstance (0ms)
			ReleaseScriptingObjects (0ms)
			CreateAndSetChildDomain (39ms)
		EndReloadAssembly (473ms)
			LoadAssemblies (61ms)
			RebuildTransferFunctionScriptingTraits (2ms)
			SetupTypeCache (177ms)
			ReleaseScriptCaches (1ms)
			RebuildScriptCaches (26ms)
			SetupLoadedEditorAssemblies (197ms)
				LogAssemblyErrors (0ms)
				InitializePlatformSupportModulesInManaged (19ms)
				SetLoadedEditorAssemblies (0ms)
				RefreshPlugins (0ms)
				BeforeProcessingInitializeOnLoad (33ms)
				ProcessInitializeOnLoadAttributes (132ms)
				ProcessInitializeOnLoadMethodAttributes (11ms)
				AfterProcessingInitializeOnLoad (1ms)
				EditorAssembliesLoaded (0ms)
			ExecutionOrderSort2 (0ms)
			AwakeInstancesAfterBackupRestoration (2ms)
Platform modules already initialized, skipping
Refreshing native plugins compatible for Editor in 0.83 ms, found 2 plugins.
Preloading 0 native plugins for Editor in 0.00 ms.
Unloading 3859 Unused Serialized files (Serialized files now loaded: 0)
Unloading 34 unused Assets / (200.4 KB). Loaded Objects now: 4401.
Memory consumption went from 141.7 MB to 141.5 MB.
Total: 3.316834 ms (FindLiveObjects: 0.136250 ms CreateObjectMapping: 0.054458 ms MarkObjects: 3.038500 ms  DeleteObjects: 0.087209 ms)

AssetImportParameters requested are different than current active one (requested -> active):
  custom:video-decoder-ogg-theora: a1e56fd34408186e4bbccfd4996cb3dc -> 
  custom:container-muxer-webm: aa71ff27fc2769a1b78a27578f13a17b -> 
  custom:container-demuxer-webm: 4f35f7cbe854078d1ac9338744f61a02 -> 
  custom:video-encoder-webm-vp8: eb34c28f22e8b96e1ab97ce403110664 -> 
  custom:framework-osx-AVFoundation: e770b220cccbd017edd2c1fefb359320 -> 
  custom:audio-encoder-webm-vorbis: bf7c407c2cedff20999df2af8eb42d56 -> 
  custom:container-demuxer-ogg: 62fdf1f143b41e24485cea50d1cbac27 -> 
  custom:video-decoder-webm-vp8: 9c59270c3fd7afecdb556c50c9e8de78 -> 
  custom:audio-decoder-ogg-vorbis: bf7c407c2cedff20999df2af8eb42d56 -> 
========================================================================
Received Import Request.
  Time since last request: 868.754123 seconds.
  path: Assets/Scripts/RayCastPointer.cs
  artifactKey: Guid(234217a3799c8974b9e14f078ba80c37) Importer(815301076,1909f56bfc062723c751e8b465ee728b)
Start importing Assets/Scripts/RayCastPointer.cs using Guid(234217a3799c8974b9e14f078ba80c37) Importer(815301076,1909f56bfc062723c751e8b465ee728b)  -> (artifact id: '68f1985f0bdb8dfa2ff2c2a758ccb3cf') in 0.005621 seconds 
========================================================================
Received Import Request.
  Time since last request: 36.355764 seconds.
  path: Assets/Photon/PhotonUnityNetworking/Demos/DemoAsteroids/Models/Asteroid01.fbx
  artifactKey: Guid(401fae203bae0ee428e401e7f9af9be8) Importer(815301076,1909f56bfc062723c751e8b465ee728b)
Start importing Assets/Photon/PhotonUnityNetworking/Demos/DemoAsteroids/Models/Asteroid01.fbx using Guid(401fae203bae0ee428e401e7f9af9be8) Importer(815301076,1909f56bfc062723c751e8b465ee728b)  -> (artifact id: '08e9a504c5967c45273a55b7e1e8c43c') in 0.234627 seconds 
========================================================================
Received Import Request.
  Time since last request: 1.947354 seconds.
  path: Assets/Photon/PhotonUnityNetworking/Demos/DemoSlotRacer/Kenney Assets/Racing Kit/Models/billboardLower.fbx
  artifactKey: Guid(271d69ba92e5ec94eaa3779f0ea4ce47) Importer(815301076,1909f56bfc062723c751e8b465ee728b)
Start importing Assets/Photon/PhotonUnityNetworking/Demos/DemoSlotRacer/Kenney Assets/Racing Kit/Models/billboardLower.fbx using Guid(271d69ba92e5ec94eaa3779f0ea4ce47) Importer(815301076,1909f56bfc062723c751e8b465ee728b)  -> (artifact id: '06a8f06bba314e8dd1dea5730f256188') in 0.014919 seconds 
========================================================================
Received Import Request.
  Time since last request: 0.508309 seconds.
  path: Assets/Furniture_FREE/Meshes/closet_001.fbx
  artifactKey: Guid(a814d16888f34d740b4c85da09a39d0f) Importer(815301076,1909f56bfc062723c751e8b465ee728b)
Start importing Assets/Furniture_FREE/Meshes/closet_001.fbx using Guid(a814d16888f34d740b4c85da09a39d0f) Importer(815301076,1909f56bfc062723c751e8b465ee728b)  -> (artifact id: 'e1cfdfd51e0383f20b7699c348cbc343') in 0.007071 seconds 
========================================================================
Received Import Request.
  Time since last request: 0.010453 seconds.
  path: Assets/Furniture_FREE/Meshes/closet_002.fbx
  artifactKey: Guid(f057f2866f4b8964799fed1871693e10) Importer(815301076,1909f56bfc062723c751e8b465ee728b)
Start importing Assets/Furniture_FREE/Meshes/closet_002.fbx using Guid(f057f2866f4b8964799fed1871693e10) Importer(815301076,1909f56bfc062723c751e8b465ee728b)  -> (artifact id: '67cce5e8cc8d25b822e7c4638f9cef8b') in 0.007549 seconds 
========================================================================
Received Import Request.
  Time since last request: 0.019062 seconds.
  path: Assets/Furniture_FREE/Meshes/clothes_001.fbx
  artifactKey: Guid(e0e5aa5f70455564bad4ce315b3b3d83) Importer(815301076,1909f56bfc062723c751e8b465ee728b)
Start importing Assets/Furniture_FREE/Meshes/clothes_001.fbx using Guid(e0e5aa5f70455564bad4ce315b3b3d83) Importer(815301076,1909f56bfc062723c751e8b465ee728b)  -> (artifact id: '97852c5f485f227363feac22623882a9') in 0.007086 seconds 
========================================================================
Received Import Request.
  Time since last request: 0.000038 seconds.
  path: Assets/Furniture_FREE/Meshes/clothes_002.fbx
  artifactKey: Guid(f09f041d0102cc1448425092c1886ac0) Importer(815301076,1909f56bfc062723c751e8b465ee728b)
Start importing Assets/Furniture_FREE/Meshes/clothes_002.fbx using Guid(f09f041d0102cc1448425092c1886ac0) Importer(815301076,1909f56bfc062723c751e8b465ee728b)  -> (artifact id: 'e88234809b7dc06601d80f3636a3da2b') in 0.009760 seconds 
========================================================================
Received Import Request.
  Time since last request: 0.000038 seconds.
  path: Assets/Furniture_FREE/Meshes/coffee_machine_001.fbx
  artifactKey: Guid(60e0949bdc5724f41a429907b90f25a8) Importer(815301076,1909f56bfc062723c751e8b465ee728b)
Start importing Assets/Furniture_FREE/Meshes/coffee_machine_001.fbx using Guid(60e0949bdc5724f41a429907b90f25a8) Importer(815301076,1909f56bfc062723c751e8b465ee728b)  -> (artifact id: '5dd348a41bf5222ec094120fa6ef5b1a') in 0.009453 seconds 
========================================================================
Received Import Request.
  Time since last request: 0.017038 seconds.
  path: Assets/Furniture_FREE/Meshes/coffee_table_001.fbx
  artifactKey: Guid(ac89d7fea237f1645ad740a0eddafeea) Importer(815301076,1909f56bfc062723c751e8b465ee728b)
Start importing Assets/Furniture_FREE/Meshes/coffee_table_001.fbx using Guid(ac89d7fea237f1645ad740a0eddafeea) Importer(815301076,1909f56bfc062723c751e8b465ee728b)  -> (artifact id: 'f36502dcd10f334fe3594234a1fe1578') in 0.009468 seconds 
========================================================================
Received Import Request.
  Time since last request: 0.061813 seconds.
  path: Assets/Samples/Google Cardboard XR Plugin for Unity/1.23.0/Hello Cardboard/Environments/CubeRoom.prefab
  artifactKey: Guid(c43602d5712fe4fd4bf33173bb6b8e26) Importer(815301076,1909f56bfc062723c751e8b465ee728b)
Start importing Assets/Samples/Google Cardboard XR Plugin for Unity/1.23.0/Hello Cardboard/Environments/CubeRoom.prefab using Guid(c43602d5712fe4fd4bf33173bb6b8e26) Importer(815301076,1909f56bfc062723c751e8b465ee728b)  -> (artifact id: 'b2b1eb4f25258b4ca252bacb9cb78f4e') in 0.065690 seconds 
========================================================================
Received Import Request.
  Time since last request: 0.000069 seconds.
  path: Assets/Scenes/Prefabs/dart_BLUE.prefab
  artifactKey: Guid(4eb40071aaca80b4dab48d1adb3ff6d0) Importer(815301076,1909f56bfc062723c751e8b465ee728b)
Start importing Assets/Scenes/Prefabs/dart_BLUE.prefab using Guid(4eb40071aaca80b4dab48d1adb3ff6d0) Importer(815301076,1909f56bfc062723c751e8b465ee728b)  -> (artifact id: 'f21742a3c9bd5ad41f0ae7bb567b149f') in 0.006894 seconds 
========================================================================
Received Import Request.
  Time since last request: 0.000054 seconds.
  path: Assets/Scenes/Prefabs/Dart Score Board UI.prefab
  artifactKey: Guid(aed1a78267092ae4d8ed29bcbe9465e7) Importer(815301076,1909f56bfc062723c751e8b465ee728b)
Start importing Assets/Scenes/Prefabs/Dart Score Board UI.prefab using Guid(aed1a78267092ae4d8ed29bcbe9465e7) Importer(815301076,1909f56bfc062723c751e8b465ee728b)  -> (artifact id: '0f9df7952984c64146f27dd4f2983371') in 0.030661 seconds 
========================================================================
Received Import Request.
  Time since last request: 0.000036 seconds.
  path: Assets/Samples/Google Cardboard XR Plugin for Unity/1.23.0/Hello Cardboard/Environments/CubeRoom.obj
  artifactKey: Guid(0b3edbbeccaa9429dafe86abead2eade) Importer(815301076,1909f56bfc062723c751e8b465ee728b)
Start importing Assets/Samples/Google Cardboard XR Plugin for Unity/1.23.0/Hello Cardboard/Environments/CubeRoom.obj using Guid(0b3edbbeccaa9429dafe86abead2eade) Importer(815301076,1909f56bfc062723c751e8b465ee728b)  -> (artifact id: '46ef26d1c66a6fdf5bbbe8ee6aa260ae') in 0.319607 seconds 
========================================================================
Received Import Request.
  Time since last request: 0.000050 seconds.
  path: Assets/Scenes/Prefabs/Dartboard.prefab
  artifactKey: Guid(9bcbeffdb6d7f2441a3798a4aa085867) Importer(815301076,1909f56bfc062723c751e8b465ee728b)
Start importing Assets/Scenes/Prefabs/Dartboard.prefab using Guid(9bcbeffdb6d7f2441a3798a4aa085867) Importer(815301076,1909f56bfc062723c751e8b465ee728b)  -> (artifact id: '978d200a2eb995b87a268d69de0c5b33') in 0.002377 seconds 
========================================================================
Received Import Request.
  Time since last request: 2.489974 seconds.
  path: Assets/Furniture_FREE/Meshes/dish_002.fbx
  artifactKey: Guid(9155746b8dbe508448f226cc595153ba) Importer(815301076,1909f56bfc062723c751e8b465ee728b)
Start importing Assets/Furniture_FREE/Meshes/dish_002.fbx using Guid(9155746b8dbe508448f226cc595153ba) Importer(815301076,1909f56bfc062723c751e8b465ee728b)  -> (artifact id: '7b318ae44d49cf016ed7ae350fdf9052') in 0.015725 seconds 
========================================================================
Received Import Request.
  Time since last request: 0.016709 seconds.
  path: Assets/Furniture_FREE/Meshes/door_frame_001.fbx
  artifactKey: Guid(fa80f29fe098e7349bad09b60a204cb8) Importer(815301076,1909f56bfc062723c751e8b465ee728b)
Start importing Assets/Furniture_FREE/Meshes/door_frame_001.fbx using Guid(fa80f29fe098e7349bad09b60a204cb8) Importer(815301076,1909f56bfc062723c751e8b465ee728b)  -> (artifact id: '655c56e9cc6656d3885196db47c1298d') in 0.009306 seconds 
========================================================================
Received Import Request.
  Time since last request: 0.052241 seconds.
  path: Assets/Furniture_FREE/Meshes/dumbbell_002.fbx
  artifactKey: Guid(cd560a8cb8bd1ec4fb3267ac9441df28) Importer(815301076,1909f56bfc062723c751e8b465ee728b)
Start importing Assets/Furniture_FREE/Meshes/dumbbell_002.fbx using Guid(cd560a8cb8bd1ec4fb3267ac9441df28) Importer(815301076,1909f56bfc062723c751e8b465ee728b)  -> (artifact id: '4e3af7a826d86f1892688c7e4bdda670') in 0.009876 seconds 
========================================================================
Received Import Request.
  Time since last request: 0.046338 seconds.
  path: Assets/Furniture_FREE/Meshes/fridge_001.fbx
  artifactKey: Guid(021213b5eba77904097e0f5aa1a99d72) Importer(815301076,1909f56bfc062723c751e8b465ee728b)
Start importing Assets/Furniture_FREE/Meshes/fridge_001.fbx using Guid(021213b5eba77904097e0f5aa1a99d72) Importer(815301076,1909f56bfc062723c751e8b465ee728b)  -> (artifact id: '8a59b0bc365ea14b08a6caeaf66e6a2f') in 0.009680 seconds 
========================================================================
Received Import Request.
  Time since last request: 0.142339 seconds.
  path: Assets/Photon/PhotonUnityNetworking/Demos/Shared Assets/Animations/HumanoidIdle.fbx
  artifactKey: Guid(dffa50cfe77e0434bbfa71245b3dd529) Importer(815301076,1909f56bfc062723c751e8b465ee728b)
Start importing Assets/Photon/PhotonUnityNetworking/Demos/Shared Assets/Animations/HumanoidIdle.fbx using Guid(dffa50cfe77e0434bbfa71245b3dd529) Importer(815301076,1909f56bfc062723c751e8b465ee728b)  -> (artifact id: '09dd7282254ab46b386b678b7c659b47') in 0.011630 seconds 
========================================================================
Received Import Request.
  Time since last request: 0.001758 seconds.
  path: Assets/Photon/PhotonUnityNetworking/Demos/Shared Assets/Animations/HumanoidJumpAndFall.fbx
  artifactKey: Guid(51dd2e4c869794f75a0df7d54b210214) Importer(815301076,1909f56bfc062723c751e8b465ee728b)
Start importing Assets/Photon/PhotonUnityNetworking/Demos/Shared Assets/Animations/HumanoidJumpAndFall.fbx using Guid(51dd2e4c869794f75a0df7d54b210214) Importer(815301076,1909f56bfc062723c751e8b465ee728b)  -> (artifact id: '0d46293ecb5afdb96b88bff25485e0ff') in 0.004789 seconds 
========================================================================
Received Import Request.
  Time since last request: 0.015811 seconds.
  path: Assets/Photon/PhotonUnityNetworking/Demos/Shared Assets/Animations/HumanoidRun.fbx
  artifactKey: Guid(1cb8ed3cbba15f0479fbae54e0a963df) Importer(815301076,1909f56bfc062723c751e8b465ee728b)
Start importing Assets/Photon/PhotonUnityNetworking/Demos/Shared Assets/Animations/HumanoidRun.fbx using Guid(1cb8ed3cbba15f0479fbae54e0a963df) Importer(815301076,1909f56bfc062723c751e8b465ee728b)  -> (artifact id: 'e7507d36ab1929cede0b689af1c2be60') in 0.004247 seconds 
========================================================================
Received Import Request.
  Time since last request: 0.000037 seconds.
  path: Assets/Photon/PhotonUnityNetworking/Demos/Shared Assets/Animations/HumanoidRunTurn.fbx
  artifactKey: Guid(1062212255550964e974f3ffb3cbaae3) Importer(815301076,1909f56bfc062723c751e8b465ee728b)
Start importing Assets/Photon/PhotonUnityNetworking/Demos/Shared Assets/Animations/HumanoidRunTurn.fbx using Guid(1062212255550964e974f3ffb3cbaae3) Importer(815301076,1909f56bfc062723c751e8b465ee728b)  -> (artifact id: 'fc619c0af9645727bedcd77e34577dc8') in 0.004636 seconds 
========================================================================
Received Import Request.
  Time since last request: 0.000031 seconds.
  path: Assets/Photon/PhotonUnityNetworking/Demos/Shared Assets/Animations/HumanoidStandTurn.fbx
  artifactKey: Guid(6fb3851da6a6f5948ab6892bee8ba920) Importer(815301076,1909f56bfc062723c751e8b465ee728b)
Start importing Assets/Photon/PhotonUnityNetworking/Demos/Shared Assets/Animations/HumanoidStandTurn.fbx using Guid(6fb3851da6a6f5948ab6892bee8ba920) Importer(815301076,1909f56bfc062723c751e8b465ee728b)  -> (artifact id: '45ea8240e53c261a1300bb22320b9ac7') in 0.006263 seconds 
========================================================================
Received Import Request.
  Time since last request: 0.000030 seconds.
  path: Assets/Photon/PhotonUnityNetworking/Demos/Shared Assets/Animations/HumanoidWalk.fbx
  artifactKey: Guid(b1a5e04ae51004842aba06704a6c2903) Importer(815301076,1909f56bfc062723c751e8b465ee728b)
Start importing Assets/Photon/PhotonUnityNetworking/Demos/Shared Assets/Animations/HumanoidWalk.fbx using Guid(b1a5e04ae51004842aba06704a6c2903) Importer(815301076,1909f56bfc062723c751e8b465ee728b)  -> (artifact id: '2f1eb5b8295c9d2d4b62f5dfc53cd423') in 0.004119 seconds 
========================================================================
Received Import Request.
  Time since last request: 0.008038 seconds.
  path: Assets/Furniture_FREE/Meshes/ketchup_001.fbx
  artifactKey: Guid(d01061434e86e964abeac90d826f3a6d) Importer(815301076,1909f56bfc062723c751e8b465ee728b)
Start importing Assets/Furniture_FREE/Meshes/ketchup_001.fbx using Guid(d01061434e86e964abeac90d826f3a6d) Importer(815301076,1909f56bfc062723c751e8b465ee728b)  -> (artifact id: 'da4c4f97ad20d606855d6da3878bace9') in 0.007983 seconds 
========================================================================
Received Import Request.
  Time since last request: 0.000030 seconds.
  path: Assets/Furniture_FREE/Meshes/kitchen_chair_001.fbx
  artifactKey: Guid(ced7d5d843f03774e8c82dc8a229be4c) Importer(815301076,1909f56bfc062723c751e8b465ee728b)
Start importing Assets/Furniture_FREE/Meshes/kitchen_chair_001.fbx using Guid(ced7d5d843f03774e8c82dc8a229be4c) Importer(815301076,1909f56bfc062723c751e8b465ee728b)  -> (artifact id: '6277cf5c984b7717bd9b4b0207e28489') in 0.008310 seconds 
========================================================================
Received Import Request.
  Time since last request: 0.001581 seconds.
  path: Assets/Furniture_FREE/Meshes/kitchen_table_001.fbx
  artifactKey: Guid(e4a219c91f34ce74ab295a64b6a63f61) Importer(815301076,1909f56bfc062723c751e8b465ee728b)
Start importing Assets/Furniture_FREE/Meshes/kitchen_table_001.fbx using Guid(e4a219c91f34ce74ab295a64b6a63f61) Importer(815301076,1909f56bfc062723c751e8b465ee728b)  -> (artifact id: 'e4d6c31a97c741ef64cde9ca6f2de7f2') in 0.009470 seconds 
========================================================================
Received Import Request.
  Time since last request: 0.014715 seconds.
  path: Assets/Photon/PhotonUnityNetworking/Demos/DemoAsteroids/Models/LaserBolt.fbx
  artifactKey: Guid(efbb13993d8043d4ba5c752ed4b1a2bc) Importer(815301076,1909f56bfc062723c751e8b465ee728b)
Start importing Assets/Photon/PhotonUnityNetworking/Demos/DemoAsteroids/Models/LaserBolt.fbx using Guid(efbb13993d8043d4ba5c752ed4b1a2bc) Importer(815301076,1909f56bfc062723c751e8b465ee728b)  -> (artifact id: '49b3a93f1895140ac1fbfcc7aed8019f') in 0.007128 seconds 
========================================================================
Received Import Request.
  Time since last request: 0.000032 seconds.
  path: Assets/Furniture_FREE/Meshes/lounge_chair_001.fbx
  artifactKey: Guid(c6c4229ba17e2e44a8c650fa2627f71c) Importer(815301076,1909f56bfc062723c751e8b465ee728b)
Start importing Assets/Furniture_FREE/Meshes/lounge_chair_001.fbx using Guid(c6c4229ba17e2e44a8c650fa2627f71c) Importer(815301076,1909f56bfc062723c751e8b465ee728b)  -> (artifact id: 'd7253e793ef244b6305f3f7fa5dea017') in 0.007473 seconds 
========================================================================
Received Import Request.
  Time since last request: 0.010513 seconds.
  path: Assets/Furniture_FREE/Meshes/musical_instrument_001.fbx
  artifactKey: Guid(1d07df417cf9ab04bbc8f6071741f043) Importer(815301076,1909f56bfc062723c751e8b465ee728b)
Start importing Assets/Furniture_FREE/Meshes/musical_instrument_001.fbx using Guid(1d07df417cf9ab04bbc8f6071741f043) Importer(815301076,1909f56bfc062723c751e8b465ee728b)  -> (artifact id: '1de23287ed1e9d17acfa813a58159558') in 0.008918 seconds 
========================================================================
Received Import Request.
  Time since last request: 0.022393 seconds.
  path: Assets/Furniture_FREE/Meshes/office_table_001.fbx
  artifactKey: Guid(e8bcc2af6da4ffa4ba221825387cee57) Importer(815301076,1909f56bfc062723c751e8b465ee728b)
Start importing Assets/Furniture_FREE/Meshes/office_table_001.fbx using Guid(e8bcc2af6da4ffa4ba221825387cee57) Importer(815301076,1909f56bfc062723c751e8b465ee728b)  -> (artifact id: '7f6f0b0048f96b2dfc38d6862099c6da') in 0.010800 seconds 
========================================================================
Received Import Request.
  Time since last request: 0.000037 seconds.
  path: Assets/Photon/PhotonUnityNetworking/Demos/DemoSlotRacer/Resources/Player Controller.prefab
  artifactKey: Guid(c9248d8e58293473bb27cf2f5505f88b) Importer(815301076,1909f56bfc062723c751e8b465ee728b)
Start importing Assets/Photon/PhotonUnityNetworking/Demos/DemoSlotRacer/Resources/Player Controller.prefab using Guid(c9248d8e58293473bb27cf2f5505f88b) Importer(815301076,1909f56bfc062723c751e8b465ee728b)  -> (artifact id: '3fcf04a97c0028b1277bb66259c891e0') in 0.008412 seconds 
========================================================================
Received Import Request.
  Time since last request: 0.000033 seconds.
  path: Assets/Photon/PhotonUnityNetworking/Demos/DemoAsteroids/Prefabs/PlayerListEntry.prefab
  artifactKey: Guid(d68bf8413681d9b4aa7328277e632e3f) Importer(815301076,1909f56bfc062723c751e8b465ee728b)
Start importing Assets/Photon/PhotonUnityNetworking/Demos/DemoAsteroids/Prefabs/PlayerListEntry.prefab using Guid(d68bf8413681d9b4aa7328277e632e3f) Importer(815301076,1909f56bfc062723c751e8b465ee728b)  -> (artifact id: 'b937c92c9480b02b8b61edcb369f0c0e') in 0.004835 seconds 
========================================================================
Received Import Request.
  Time since last request: 0.000028 seconds.
  path: Assets/Photon/PhotonUnityNetworking/Demos/PunBasics-Tutorial/Prefabs/Player UI.prefab
  artifactKey: Guid(e41946a981c3b444a84d15eb7c608ca4) Importer(815301076,1909f56bfc062723c751e8b465ee728b)
Start importing Assets/Photon/PhotonUnityNetworking/Demos/PunBasics-Tutorial/Prefabs/Player UI.prefab using Guid(e41946a981c3b444a84d15eb7c608ca4) Importer(815301076,1909f56bfc062723c751e8b465ee728b)  -> (artifact id: 'dbad63794c0dda173f24e6efffcdbb5b') in 0.002520 seconds 
========================================================================
Received Import Request.
  Time since last request: 0.000034 seconds.
  path: Assets/Photon/PhotonUnityNetworking/Demos/Shared Assets/Models/Pointer.fbx
  artifactKey: Guid(0baebe6c8f51e754a96dd7d4dee9bb4e) Importer(815301076,1909f56bfc062723c751e8b465ee728b)
Start importing Assets/Photon/PhotonUnityNetworking/Demos/Shared Assets/Models/Pointer.fbx using Guid(0baebe6c8f51e754a96dd7d4dee9bb4e) Importer(815301076,1909f56bfc062723c751e8b465ee728b)  -> (artifact id: 'c3d3a31d856c95acb4290fd274a32955') in 0.007127 seconds 
========================================================================
Received Import Request.
  Time since last request: 0.000036 seconds.
  path: Assets/Photon/PhotonUnityNetworking/Demos/Shared Assets/Prefabs/PointerPrefab.prefab
  artifactKey: Guid(9c6977a9ecda14e4e96ea3a71c749c2c) Importer(815301076,1909f56bfc062723c751e8b465ee728b)
Start importing Assets/Photon/PhotonUnityNetworking/Demos/Shared Assets/Prefabs/PointerPrefab.prefab using Guid(9c6977a9ecda14e4e96ea3a71c749c2c) Importer(815301076,1909f56bfc062723c751e8b465ee728b)  -> (artifact id: 'c677282475fce6af922bbf60112bcef6') in 0.200974 seconds 
========================================================================
Received Import Request.
  Time since last request: 0.000052 seconds.
  path: Assets/Photon/PhotonUnityNetworking/Demos/DemoSlotRacer/Kenney Assets/Racing Kit/Models/roadStraightBridgeStart.fbx
  artifactKey: Guid(f3190f178f6804a438514c250f12db6a) Importer(815301076,1909f56bfc062723c751e8b465ee728b)
Start importing Assets/Photon/PhotonUnityNetworking/Demos/DemoSlotRacer/Kenney Assets/Racing Kit/Models/roadStraightBridgeStart.fbx using Guid(f3190f178f6804a438514c250f12db6a) Importer(815301076,1909f56bfc062723c751e8b465ee728b)  -> (artifact id: 'a727135a7d6a562609aba73f2e3177f9') in 0.007065 seconds 
========================================================================
Received Import Request.
  Time since last request: 0.001443 seconds.
  path: Assets/Photon/PhotonUnityNetworking/Demos/Shared Assets/Models/Robot Kyle.fbx
  artifactKey: Guid(320b1c2af77554f99a1658df4a6d3d5c) Importer(815301076,1909f56bfc062723c751e8b465ee728b)
Start importing Assets/Photon/PhotonUnityNetworking/Demos/Shared Assets/Models/Robot Kyle.fbx using Guid(320b1c2af77554f99a1658df4a6d3d5c) Importer(815301076,1909f56bfc062723c751e8b465ee728b)  -> (artifact id: 'a74704b9af9fd1dda2f44f0ac54b04f5') in 0.157090 seconds 
========================================================================
Received Import Request.
  Time since last request: 0.000051 seconds.
  path: Assets/Photon/PhotonUnityNetworking/Demos/PunCockpit/Prefabs/Tab Toggle.prefab
  artifactKey: Guid(192c18d73e55e466d89edd9bc2ab936d) Importer(815301076,1909f56bfc062723c751e8b465ee728b)
Start importing Assets/Photon/PhotonUnityNetworking/Demos/PunCockpit/Prefabs/Tab Toggle.prefab using Guid(192c18d73e55e466d89edd9bc2ab936d) Importer(815301076,1909f56bfc062723c751e8b465ee728b)  -> (artifact id: 'fa1819c6ee87e4619d3cf6758e1a696c') in 0.004051 seconds 
========================================================================
Received Import Request.
  Time since last request: 0.000030 seconds.
  path: Assets/Photon/PhotonUnityNetworking/Demos/Shared Assets/Prefabs/UI/Toggle Regular.prefab
  artifactKey: Guid(82b2227f60269dd46b9a921faca9dc1f) Importer(815301076,1909f56bfc062723c751e8b465ee728b)
Start importing Assets/Photon/PhotonUnityNetworking/Demos/Shared Assets/Prefabs/UI/Toggle Regular.prefab using Guid(82b2227f60269dd46b9a921faca9dc1f) Importer(815301076,1909f56bfc062723c751e8b465ee728b)  -> (artifact id: '0f63c1bf3604480264f5f483aefc24f8') in 0.001870 seconds 
========================================================================
Received Import Request.
  Time since last request: 0.000039 seconds.
  path: Assets/Photon/PhotonUnityNetworking/Demos/DemoAsteroids/Resources/SmallAsteroid.prefab
  artifactKey: Guid(18a79aea49b60d342b7a672b7a34edbe) Importer(815301076,1909f56bfc062723c751e8b465ee728b)
Start importing Assets/Photon/PhotonUnityNetworking/Demos/DemoAsteroids/Resources/SmallAsteroid.prefab using Guid(18a79aea49b60d342b7a672b7a34edbe) Importer(815301076,1909f56bfc062723c751e8b465ee728b)  -> (artifact id: '7aba7dbdf37dae8bb42813d83e16cc08') in 0.159448 seconds 
========================================================================
Received Prepare
Registering precompiled user dll's ...
Registered in 0.001415 seconds.
Begin MonoManager ReloadAssembly
Thread 0x281587000 may have been prematurely finalized
Native extension for iOS target not found
Native extension for Android target not found
Native extension for OSXStandalone target not found
Refreshing native plugins compatible for Editor in 0.50 ms, found 2 plugins.
Preloading 0 native plugins for Editor in 0.00 ms.
Mono: successfully reloaded assembly
- Completed reload, in  0.646 seconds
Domain Reload Profiling:
	ReloadAssembly (647ms)
		BeginReloadAssembly (105ms)
			ExecutionOrderSort (0ms)
			DisableScriptedObjects (3ms)
			BackupInstance (0ms)
			ReleaseScriptingObjects (0ms)
			CreateAndSetChildDomain (46ms)
		EndReloadAssembly (485ms)
			LoadAssemblies (38ms)
			RebuildTransferFunctionScriptingTraits (0ms)
			SetupTypeCache (178ms)
			ReleaseScriptCaches (1ms)
			RebuildScriptCaches (29ms)
			SetupLoadedEditorAssemblies (213ms)
				LogAssemblyErrors (0ms)
				InitializePlatformSupportModulesInManaged (17ms)
				SetLoadedEditorAssemblies (0ms)
				RefreshPlugins (1ms)
				BeforeProcessingInitializeOnLoad (37ms)
				ProcessInitializeOnLoadAttributes (146ms)
				ProcessInitializeOnLoadMethodAttributes (12ms)
				AfterProcessingInitializeOnLoad (1ms)
				EditorAssembliesLoaded (0ms)
			ExecutionOrderSort2 (0ms)
			AwakeInstancesAfterBackupRestoration (2ms)
Platform modules already initialized, skipping
Refreshing native plugins compatible for Editor in 0.92 ms, found 2 plugins.
Preloading 0 native plugins for Editor in 0.00 ms.
Unloading 3859 Unused Serialized files (Serialized files now loaded: 0)
Unloading 37 unused Assets / (202.9 KB). Loaded Objects now: 4458.
Memory consumption went from 171.3 MB to 171.1 MB.
Total: 2.589375 ms (FindLiveObjects: 0.155667 ms CreateObjectMapping: 0.080292 ms MarkObjects: 2.263708 ms  DeleteObjects: 0.089083 ms)

AssetImportParameters requested are different than current active one (requested -> active):
  custom:video-decoder-ogg-theora: a1e56fd34408186e4bbccfd4996cb3dc -> 
  custom:container-muxer-webm: aa71ff27fc2769a1b78a27578f13a17b -> 
  custom:container-demuxer-webm: 4f35f7cbe854078d1ac9338744f61a02 -> 
  custom:video-encoder-webm-vp8: eb34c28f22e8b96e1ab97ce403110664 -> 
  custom:framework-osx-AVFoundation: e770b220cccbd017edd2c1fefb359320 -> 
  custom:audio-encoder-webm-vorbis: bf7c407c2cedff20999df2af8eb42d56 -> 
  custom:container-demuxer-ogg: 62fdf1f143b41e24485cea50d1cbac27 -> 
  custom:video-decoder-webm-vp8: 9c59270c3fd7afecdb556c50c9e8de78 -> 
  custom:audio-decoder-ogg-vorbis: bf7c407c2cedff20999df2af8eb42d56 -> 
========================================================================
Received Prepare
Registering precompiled user dll's ...
Registered in 0.001586 seconds.
Begin MonoManager ReloadAssembly
Thread 0x2812d7000 may have been prematurely finalized
Native extension for iOS target not found
Native extension for Android target not found
Native extension for OSXStandalone target not found
Refreshing native plugins compatible for Editor in 0.42 ms, found 2 plugins.
Preloading 0 native plugins for Editor in 0.00 ms.
Mono: successfully reloaded assembly
- Completed reload, in  0.651 seconds
Domain Reload Profiling:
	ReloadAssembly (652ms)
		BeginReloadAssembly (99ms)
			ExecutionOrderSort (0ms)
			DisableScriptedObjects (3ms)
			BackupInstance (0ms)
			ReleaseScriptingObjects (0ms)
			CreateAndSetChildDomain (44ms)
		EndReloadAssembly (497ms)
			LoadAssemblies (49ms)
			RebuildTransferFunctionScriptingTraits (0ms)
			SetupTypeCache (180ms)
			ReleaseScriptCaches (1ms)
			RebuildScriptCaches (28ms)
			SetupLoadedEditorAssemblies (211ms)
				LogAssemblyErrors (0ms)
				InitializePlatformSupportModulesInManaged (17ms)
				SetLoadedEditorAssemblies (0ms)
				RefreshPlugins (0ms)
				BeforeProcessingInitializeOnLoad (36ms)
				ProcessInitializeOnLoadAttributes (144ms)
				ProcessInitializeOnLoadMethodAttributes (12ms)
				AfterProcessingInitializeOnLoad (1ms)
				EditorAssembliesLoaded (0ms)
			ExecutionOrderSort2 (0ms)
			AwakeInstancesAfterBackupRestoration (2ms)
Platform modules already initialized, skipping
Refreshing native plugins compatible for Editor in 0.92 ms, found 2 plugins.
Preloading 0 native plugins for Editor in 0.00 ms.
Unloading 3859 Unused Serialized files (Serialized files now loaded: 0)
Unloading 34 unused Assets / (208.1 KB). Loaded Objects now: 4463.
Memory consumption went from 171.3 MB to 171.1 MB.
Total: 4.191500 ms (FindLiveObjects: 0.138458 ms CreateObjectMapping: 0.066833 ms MarkObjects: 3.884875 ms  DeleteObjects: 0.101125 ms)

AssetImportParameters requested are different than current active one (requested -> active):
  custom:video-decoder-ogg-theora: a1e56fd34408186e4bbccfd4996cb3dc -> 
  custom:container-muxer-webm: aa71ff27fc2769a1b78a27578f13a17b -> 
  custom:container-demuxer-webm: 4f35f7cbe854078d1ac9338744f61a02 -> 
  custom:video-encoder-webm-vp8: eb34c28f22e8b96e1ab97ce403110664 -> 
  custom:framework-osx-AVFoundation: e770b220cccbd017edd2c1fefb359320 -> 
  custom:audio-encoder-webm-vorbis: bf7c407c2cedff20999df2af8eb42d56 -> 
  custom:container-demuxer-ogg: 62fdf1f143b41e24485cea50d1cbac27 -> 
  custom:video-decoder-webm-vp8: 9c59270c3fd7afecdb556c50c9e8de78 -> 
  custom:audio-decoder-ogg-vorbis: bf7c407c2cedff20999df2af8eb42d56 -> 
========================================================================
Received Prepare
Registering precompiled user dll's ...
Registered in 0.001460 seconds.
Begin MonoManager ReloadAssembly
Thread 0x2813a3000 may have been prematurely finalized
Native extension for iOS target not found
Native extension for Android target not found
Native extension for OSXStandalone target not found
Refreshing native plugins compatible for Editor in 0.47 ms, found 2 plugins.
Preloading 0 native plugins for Editor in 0.00 ms.
Mono: successfully reloaded assembly
- Completed reload, in  0.656 seconds
Domain Reload Profiling:
	ReloadAssembly (656ms)
		BeginReloadAssembly (107ms)
			ExecutionOrderSort (0ms)
			DisableScriptedObjects (6ms)
			BackupInstance (0ms)
			ReleaseScriptingObjects (0ms)
			CreateAndSetChildDomain (47ms)
		EndReloadAssembly (492ms)
			LoadAssemblies (33ms)
			RebuildTransferFunctionScriptingTraits (0ms)
			SetupTypeCache (188ms)
			ReleaseScriptCaches (1ms)
			RebuildScriptCaches (28ms)
			SetupLoadedEditorAssemblies (213ms)
				LogAssemblyErrors (0ms)
				InitializePlatformSupportModulesInManaged (17ms)
				SetLoadedEditorAssemblies (0ms)
				RefreshPlugins (0ms)
				BeforeProcessingInitializeOnLoad (36ms)
				ProcessInitializeOnLoadAttributes (147ms)
				ProcessInitializeOnLoadMethodAttributes (12ms)
				AfterProcessingInitializeOnLoad (1ms)
				EditorAssembliesLoaded (0ms)
			ExecutionOrderSort2 (0ms)
			AwakeInstancesAfterBackupRestoration (2ms)
Platform modules already initialized, skipping
Refreshing native plugins compatible for Editor in 0.89 ms, found 2 plugins.
Preloading 0 native plugins for Editor in 0.00 ms.
Unloading 3859 Unused Serialized files (Serialized files now loaded: 0)
Unloading 34 unused Assets / (208.2 KB). Loaded Objects now: 4468.
Memory consumption went from 171.4 MB to 171.2 MB.
Total: 2.650750 ms (FindLiveObjects: 0.159750 ms CreateObjectMapping: 0.077500 ms MarkObjects: 2.296375 ms  DeleteObjects: 0.116333 ms)

AssetImportParameters requested are different than current active one (requested -> active):
  custom:video-decoder-ogg-theora: a1e56fd34408186e4bbccfd4996cb3dc -> 
  custom:container-muxer-webm: aa71ff27fc2769a1b78a27578f13a17b -> 
  custom:container-demuxer-webm: 4f35f7cbe854078d1ac9338744f61a02 -> 
  custom:video-encoder-webm-vp8: eb34c28f22e8b96e1ab97ce403110664 -> 
  custom:framework-osx-AVFoundation: e770b220cccbd017edd2c1fefb359320 -> 
  custom:audio-encoder-webm-vorbis: bf7c407c2cedff20999df2af8eb42d56 -> 
  custom:container-demuxer-ogg: 62fdf1f143b41e24485cea50d1cbac27 -> 
  custom:video-decoder-webm-vp8: 9c59270c3fd7afecdb556c50c9e8de78 -> 
  custom:audio-decoder-ogg-vorbis: bf7c407c2cedff20999df2af8eb42d56 -> 
========================================================================
Received Prepare
Registering precompiled user dll's ...
Registered in 0.001684 seconds.
Begin MonoManager ReloadAssembly
Thread 0x2813a3000 may have been prematurely finalized
Native extension for iOS target not found
Native extension for Android target not found
Native extension for OSXStandalone target not found
Refreshing native plugins compatible for Editor in 0.75 ms, found 2 plugins.
Preloading 0 native plugins for Editor in 0.00 ms.
Mono: successfully reloaded assembly
- Completed reload, in  0.738 seconds
Domain Reload Profiling:
	ReloadAssembly (739ms)
		BeginReloadAssembly (151ms)
			ExecutionOrderSort (0ms)
			DisableScriptedObjects (3ms)
			BackupInstance (0ms)
			ReleaseScriptingObjects (0ms)
			CreateAndSetChildDomain (77ms)
		EndReloadAssembly (532ms)
			LoadAssemblies (43ms)
			RebuildTransferFunctionScriptingTraits (0ms)
			SetupTypeCache (192ms)
			ReleaseScriptCaches (3ms)
			RebuildScriptCaches (30ms)
			SetupLoadedEditorAssemblies (231ms)
				LogAssemblyErrors (0ms)
				InitializePlatformSupportModulesInManaged (23ms)
				SetLoadedEditorAssemblies (0ms)
				RefreshPlugins (1ms)
				BeforeProcessingInitializeOnLoad (45ms)
				ProcessInitializeOnLoadAttributes (149ms)
				ProcessInitializeOnLoadMethodAttributes (12ms)
				AfterProcessingInitializeOnLoad (1ms)
				EditorAssembliesLoaded (0ms)
			ExecutionOrderSort2 (0ms)
			AwakeInstancesAfterBackupRestoration (2ms)
Platform modules already initialized, skipping
Refreshing native plugins compatible for Editor in 0.97 ms, found 2 plugins.
Preloading 0 native plugins for Editor in 0.00 ms.
Unloading 3859 Unused Serialized files (Serialized files now loaded: 0)
Unloading 34 unused Assets / (215.0 KB). Loaded Objects now: 4473.
Memory consumption went from 171.4 MB to 171.2 MB.
Total: 2.836250 ms (FindLiveObjects: 0.155542 ms CreateObjectMapping: 0.109958 ms MarkObjects: 2.473667 ms  DeleteObjects: 0.096584 ms)

AssetImportParameters requested are different than current active one (requested -> active):
  custom:video-decoder-ogg-theora: a1e56fd34408186e4bbccfd4996cb3dc -> 
  custom:container-muxer-webm: aa71ff27fc2769a1b78a27578f13a17b -> 
  custom:container-demuxer-webm: 4f35f7cbe854078d1ac9338744f61a02 -> 
  custom:video-encoder-webm-vp8: eb34c28f22e8b96e1ab97ce403110664 -> 
  custom:framework-osx-AVFoundation: e770b220cccbd017edd2c1fefb359320 -> 
  custom:audio-encoder-webm-vorbis: bf7c407c2cedff20999df2af8eb42d56 -> 
  custom:container-demuxer-ogg: 62fdf1f143b41e24485cea50d1cbac27 -> 
  custom:video-decoder-webm-vp8: 9c59270c3fd7afecdb556c50c9e8de78 -> 
  custom:audio-decoder-ogg-vorbis: bf7c407c2cedff20999df2af8eb42d56 -> 
========================================================================
Received Prepare
Registering precompiled user dll's ...
Registered in 0.001479 seconds.
Begin MonoManager ReloadAssembly
Thread 0x2812d7000 may have been prematurely finalized
Native extension for iOS target not found
Native extension for Android target not found
Native extension for OSXStandalone target not found
Refreshing native plugins compatible for Editor in 0.47 ms, found 2 plugins.
Preloading 0 native plugins for Editor in 0.00 ms.
Mono: successfully reloaded assembly
- Completed reload, in  0.654 seconds
Domain Reload Profiling:
	ReloadAssembly (654ms)
		BeginReloadAssembly (99ms)
			ExecutionOrderSort (0ms)
			DisableScriptedObjects (3ms)
			BackupInstance (0ms)
			ReleaseScriptingObjects (0ms)
			CreateAndSetChildDomain (49ms)
		EndReloadAssembly (495ms)
			LoadAssemblies (33ms)
			RebuildTransferFunctionScriptingTraits (0ms)
			SetupTypeCache (183ms)
			ReleaseScriptCaches (1ms)
			RebuildScriptCaches (29ms)
			SetupLoadedEditorAssemblies (220ms)
				LogAssemblyErrors (0ms)
				InitializePlatformSupportModulesInManaged (18ms)
				SetLoadedEditorAssemblies (0ms)
				RefreshPlugins (0ms)
				BeforeProcessingInitializeOnLoad (36ms)
				ProcessInitializeOnLoadAttributes (152ms)
				ProcessInitializeOnLoadMethodAttributes (13ms)
				AfterProcessingInitializeOnLoad (1ms)
				EditorAssembliesLoaded (0ms)
			ExecutionOrderSort2 (0ms)
			AwakeInstancesAfterBackupRestoration (2ms)
Platform modules already initialized, skipping
Refreshing native plugins compatible for Editor in 0.93 ms, found 2 plugins.
Preloading 0 native plugins for Editor in 0.00 ms.
Unloading 3859 Unused Serialized files (Serialized files now loaded: 0)
Unloading 34 unused Assets / (199.6 KB). Loaded Objects now: 4478.
Memory consumption went from 171.4 MB to 171.2 MB.
Total: 2.939834 ms (FindLiveObjects: 0.167125 ms CreateObjectMapping: 0.085542 ms MarkObjects: 2.594666 ms  DeleteObjects: 0.091959 ms)

AssetImportParameters requested are different than current active one (requested -> active):
  custom:video-decoder-ogg-theora: a1e56fd34408186e4bbccfd4996cb3dc -> 
  custom:container-muxer-webm: aa71ff27fc2769a1b78a27578f13a17b -> 
  custom:container-demuxer-webm: 4f35f7cbe854078d1ac9338744f61a02 -> 
  custom:video-encoder-webm-vp8: eb34c28f22e8b96e1ab97ce403110664 -> 
  custom:framework-osx-AVFoundation: e770b220cccbd017edd2c1fefb359320 -> 
  custom:audio-encoder-webm-vorbis: bf7c407c2cedff20999df2af8eb42d56 -> 
  custom:container-demuxer-ogg: 62fdf1f143b41e24485cea50d1cbac27 -> 
  custom:video-decoder-webm-vp8: 9c59270c3fd7afecdb556c50c9e8de78 -> 
  custom:audio-decoder-ogg-vorbis: bf7c407c2cedff20999df2af8eb42d56 -> 
========================================================================
Received Prepare
Registering precompiled user dll's ...
Registered in 0.001452 seconds.
Begin MonoManager ReloadAssembly
Thread 0x2813a3000 may have been prematurely finalized
Native extension for iOS target not found
Native extension for Android target not found
Native extension for OSXStandalone target not found
Refreshing native plugins compatible for Editor in 0.65 ms, found 2 plugins.
Preloading 0 native plugins for Editor in 0.00 ms.
Mono: successfully reloaded assembly
- Completed reload, in  0.683 seconds
Domain Reload Profiling:
	ReloadAssembly (684ms)
		BeginReloadAssembly (112ms)
			ExecutionOrderSort (0ms)
			DisableScriptedObjects (4ms)
			BackupInstance (0ms)
			ReleaseScriptingObjects (0ms)
			CreateAndSetChildDomain (54ms)
		EndReloadAssembly (510ms)
			LoadAssemblies (37ms)
			RebuildTransferFunctionScriptingTraits (0ms)
			SetupTypeCache (191ms)
			ReleaseScriptCaches (1ms)
			RebuildScriptCaches (29ms)
			SetupLoadedEditorAssemblies (224ms)
				LogAssemblyErrors (0ms)
				InitializePlatformSupportModulesInManaged (17ms)
				SetLoadedEditorAssemblies (0ms)
				RefreshPlugins (1ms)
				BeforeProcessingInitializeOnLoad (38ms)
				ProcessInitializeOnLoadAttributes (154ms)
				ProcessInitializeOnLoadMethodAttributes (12ms)
				AfterProcessingInitializeOnLoad (1ms)
				EditorAssembliesLoaded (0ms)
			ExecutionOrderSort2 (0ms)
			AwakeInstancesAfterBackupRestoration (2ms)
Platform modules already initialized, skipping
Refreshing native plugins compatible for Editor in 0.91 ms, found 2 plugins.
Preloading 0 native plugins for Editor in 0.00 ms.
Unloading 3859 Unused Serialized files (Serialized files now loaded: 0)
Unloading 34 unused Assets / (207.3 KB). Loaded Objects now: 4483.
Memory consumption went from 171.4 MB to 171.2 MB.
Total: 2.675750 ms (FindLiveObjects: 0.173792 ms CreateObjectMapping: 0.109416 ms MarkObjects: 2.294792 ms  DeleteObjects: 0.096583 ms)

AssetImportParameters requested are different than current active one (requested -> active):
  custom:video-decoder-ogg-theora: a1e56fd34408186e4bbccfd4996cb3dc -> 
  custom:container-muxer-webm: aa71ff27fc2769a1b78a27578f13a17b -> 
  custom:container-demuxer-webm: 4f35f7cbe854078d1ac9338744f61a02 -> 
  custom:video-encoder-webm-vp8: eb34c28f22e8b96e1ab97ce403110664 -> 
  custom:framework-osx-AVFoundation: e770b220cccbd017edd2c1fefb359320 -> 
  custom:audio-encoder-webm-vorbis: bf7c407c2cedff20999df2af8eb42d56 -> 
  custom:container-demuxer-ogg: 62fdf1f143b41e24485cea50d1cbac27 -> 
  custom:video-decoder-webm-vp8: 9c59270c3fd7afecdb556c50c9e8de78 -> 
  custom:audio-decoder-ogg-vorbis: bf7c407c2cedff20999df2af8eb42d56 -> 
